DEBUG main org.apache.parquet.io.RecordConsumerLoggingWrapper - </valueType>
DEBUG main org.apache.parquet.io.MessageColumnIO - endField(valueType, 4)
DEBUG main org.apache.parquet.io.MessageColumnIO - 0, VistedIndex{vistedIndexes={0, 1, 2, 3, 4}}: [] r:0
DEBUG main org.apache.parquet.io.MessageColumnIO - < MESSAGE END >
DEBUG main org.apache.parquet.io.MessageColumnIO - 0, VistedIndex{vistedIndexes={0, 1, 2, 3, 4}}: [] r:0
DEBUG main org.apache.parquet.io.RecordConsumerLoggingWrapper - <!-- end message -->
DEBUG main org.apache.parquet.io.RecordConsumerLoggingWrapper - <!-- start message -->
DEBUG main org.apache.parquet.io.MessageColumnIO - < MESSAGE START >
DEBUG main org.apache.parquet.io.MessageColumnIO - 0, VistedIndex{vistedIndexes={}}: [] r:0
DEBUG main org.apache.parquet.io.RecordConsumerLoggingWrapper - <date>
DEBUG main org.apache.parquet.io.MessageColumnIO - startField(date, 0)
DEBUG main org.apache.parquet.io.MessageColumnIO - 0, VistedIndex{vistedIndexes={}}: [date] r:0
DEBUG main org.apache.parquet.io.RecordConsumerLoggingWrapper - 20190628
DEBUG main org.apache.parquet.io.MessageColumnIO - addInt(20190628)
DEBUG main org.apache.parquet.io.MessageColumnIO - r: 0
DEBUG main org.apache.parquet.io.MessageColumnIO - 0, VistedIndex{vistedIndexes={}}: [date] r:0
DEBUG main org.apache.parquet.io.RecordConsumerLoggingWrapper - </date>
DEBUG main org.apache.parquet.io.MessageColumnIO - endField(date, 0)
DEBUG main org.apache.parquet.io.MessageColumnIO - 0, VistedIndex{vistedIndexes={0}}: [] r:0
DEBUG main org.apache.parquet.io.RecordConsumerLoggingWrapper - <time>
DEBUG main org.apache.parquet.io.MessageColumnIO - startField(time, 1)
DEBUG main org.apache.parquet.io.MessageColumnIO - 0, VistedIndex{vistedIndexes={0}}: [time] r:0
DEBUG main org.apache.parquet.io.RecordConsumerLoggingWrapper - 24945
DEBUG main org.apache.parquet.io.MessageColumnIO - addInt(24945)
DEBUG main org.apache.parquet.io.MessageColumnIO - r: 0
DEBUG main org.apache.parquet.io.MessageColumnIO - 0, VistedIndex{vistedIndexes={0}}: [time] r:0
DEBUG main org.apache.parquet.io.RecordConsumerLoggingWrapper - </time>
DEBUG main org.apache.parquet.io.MessageColumnIO - endField(time, 1)
DEBUG main org.apache.parquet.io.MessageColumnIO - 0, VistedIndex{vistedIndexes={0, 1}}: [] r:0
DEBUG main org.apache.parquet.io.RecordConsumerLoggingWrapper - <key>
DEBUG main org.apache.parquet.io.MessageColumnIO - startField(key, 2)
DEBUG main org.apache.parquet.io.MessageColumnIO - 0, VistedIndex{vistedIndexes={0, 1}}: [key] r:0
DEBUG main org.apache.parquet.io.RecordConsumerLoggingWrapper - 1561722585610
DEBUG main org.apache.parquet.io.MessageColumnIO - addLong(1561722585610)
DEBUG Timer-0 io.confluent.kafka.schemaregistry.client.rest.RestService - Sending POST with input {"schema":"{\"type\":\"record\",\"name\":\"DeviceMeasurements\",\"namespace\":\"models\",\"fields\":[{\"name\":\"date\",\"type\":\"int\"},{\"name\":\"time\",\"type\":\"int\"},{\"name\":\"key\",\"type\":\"long\"},{\"name\":\"value\",\"type\":\"float\"},{\"name\":\"valueType\",\"type\":\"string\"}]}"} to http://89.108.103.154:8081/subjects/data-sensor-topic-value/versions
DEBUG main org.apache.parquet.io.MessageColumnIO - r: 0
DEBUG main org.apache.parquet.io.MessageColumnIO - 0, VistedIndex{vistedIndexes={0, 1}}: [key] r:0
DEBUG main org.apache.parquet.io.RecordConsumerLoggingWrapper - </key>
DEBUG main org.apache.parquet.io.MessageColumnIO - endField(key, 2)
DEBUG main org.apache.parquet.io.MessageColumnIO - 0, VistedIndex{vistedIndexes={0, 1, 2}}: [] r:0
DEBUG main org.apache.parquet.io.RecordConsumerLoggingWrapper - <value>
DEBUG main org.apache.parquet.io.MessageColumnIO - startField(value, 3)
DEBUG main org.apache.parquet.io.MessageColumnIO - 0, VistedIndex{vistedIndexes={0, 1, 2}}: [value] r:0
DEBUG main org.apache.parquet.io.RecordConsumerLoggingWrapper - 0.47740185
DEBUG main org.apache.parquet.io.MessageColumnIO - addFloat(0.47740185)
DEBUG main org.apache.parquet.io.MessageColumnIO - r: 0
DEBUG main org.apache.parquet.io.MessageColumnIO - 0, VistedIndex{vistedIndexes={0, 1, 2}}: [value] r:0
DEBUG main org.apache.parquet.io.RecordConsumerLoggingWrapper - </value>
DEBUG main org.apache.parquet.io.MessageColumnIO - endField(value, 3)
DEBUG main org.apache.parquet.io.MessageColumnIO - 0, VistedIndex{vistedIndexes={0, 1, 2, 3}}: [] r:0
DEBUG main org.apache.parquet.io.RecordConsumerLoggingWrapper - <valueType>
DEBUG main org.apache.parquet.io.MessageColumnIO - startField(valueType, 4)
DEBUG main org.apache.parquet.io.MessageColumnIO - 0, VistedIndex{vistedIndexes={0, 1, 2, 3}}: [valueType] r:0
DEBUG main org.apache.parquet.io.RecordConsumerLoggingWrapper - [100, 101, 109, 111, 95, 109, 101, 97, 115, 117, 114, 101, 109, 101, 110, 116]
DEBUG main org.apache.parquet.io.MessageColumnIO - addBinary(16 bytes)
DEBUG main org.apache.parquet.io.MessageColumnIO - r: 0
DEBUG main org.apache.parquet.io.MessageColumnIO - 0, VistedIndex{vistedIndexes={0, 1, 2, 3}}: [valueType] r:0
DEBUG main org.apache.parquet.io.RecordConsumerLoggingWrapper - </valueType>
DEBUG main org.apache.parquet.io.MessageColumnIO - endField(valueType, 4)
DEBUG main org.apache.parquet.io.MessageColumnIO - 0, VistedIndex{vistedIndexes={0, 1, 2, 3, 4}}: [] r:0
DEBUG main org.apache.parquet.io.MessageColumnIO - < MESSAGE END >
DEBUG main org.apache.parquet.io.MessageColumnIO - 0, VistedIndex{vistedIndexes={0, 1, 2, 3, 4}}: [] r:0
DEBUG main org.apache.parquet.io.RecordConsumerLoggingWrapper - <!-- end message -->
DEBUG main org.apache.parquet.io.RecordConsumerLoggingWrapper - <!-- start message -->
DEBUG main org.apache.parquet.io.MessageColumnIO - < MESSAGE START >
DEBUG main org.apache.parquet.io.MessageColumnIO - 0, VistedIndex{vistedIndexes={}}: [] r:0
DEBUG main org.apache.parquet.io.RecordConsumerLoggingWrapper - <date>
DEBUG main org.apache.parquet.io.MessageColumnIO - startField(date, 0)
DEBUG main org.apache.parquet.io.MessageColumnIO - 0, VistedIndex{vistedIndexes={}}: [date] r:0
DEBUG main org.apache.parquet.io.RecordConsumerLoggingWrapper - 20190628
DEBUG main org.apache.parquet.io.MessageColumnIO - addInt(20190628)
DEBUG main org.apache.parquet.io.MessageColumnIO - r: 0
DEBUG main org.apache.parquet.io.MessageColumnIO - 0, VistedIndex{vistedIndexes={}}: [date] r:0
DEBUG main org.apache.parquet.io.RecordConsumerLoggingWrapper - </date>
DEBUG main org.apache.parquet.io.MessageColumnIO - endField(date, 0)
DEBUG main org.apache.parquet.io.MessageColumnIO - 0, VistedIndex{vistedIndexes={0}}: [] r:0
DEBUG main org.apache.parquet.io.RecordConsumerLoggingWrapper - <time>
DEBUG main org.apache.parquet.io.MessageColumnIO - startField(time, 1)
DEBUG main org.apache.parquet.io.MessageColumnIO - 0, VistedIndex{vistedIndexes={0}}: [time] r:0
DEBUG main org.apache.parquet.io.RecordConsumerLoggingWrapper - 24945
DEBUG main org.apache.parquet.io.MessageColumnIO - addInt(24945)
DEBUG main org.apache.parquet.io.MessageColumnIO - r: 0
DEBUG main org.apache.parquet.io.MessageColumnIO - 0, VistedIndex{vistedIndexes={0}}: [time] r:0
DEBUG main org.apache.parquet.io.RecordConsumerLoggingWrapper - </time>
DEBUG main org.apache.parquet.io.MessageColumnIO - endField(time, 1)
DEBUG main org.apache.parquet.io.MessageColumnIO - 0, VistedIndex{vistedIndexes={0, 1}}: [] r:0
DEBUG main org.apache.parquet.io.RecordConsumerLoggingWrapper - <key>
DEBUG main org.apache.parquet.io.MessageColumnIO - startField(key, 2)
DEBUG main org.apache.parquet.io.MessageColumnIO - 0, VistedIndex{vistedIndexes={0, 1}}: [key] r:0
DEBUG main org.apache.parquet.io.RecordConsumerLoggingWrapper - 1561722585735
DEBUG main org.apache.parquet.io.MessageColumnIO - addLong(1561722585735)
DEBUG main org.apache.parquet.io.MessageColumnIO - r: 0
DEBUG main org.apache.parquet.io.MessageColumnIO - 0, VistedIndex{vistedIndexes={0, 1}}: [key] r:0
DEBUG main org.apache.parquet.io.RecordConsumerLoggingWrapper - </key>
DEBUG main org.apache.parquet.io.MessageColumnIO - endField(key, 2)
DEBUG main org.apache.parquet.io.MessageColumnIO - 0, VistedIndex{vistedIndexes={0, 1, 2}}: [] r:0
DEBUG main org.apache.parquet.io.RecordConsumerLoggingWrapper - <value>
DEBUG main org.apache.parquet.io.MessageColumnIO - startField(value, 3)
DEBUG main org.apache.parquet.io.MessageColumnIO - 0, VistedIndex{vistedIndexes={0, 1, 2}}: [value] r:0
DEBUG main org.apache.parquet.io.RecordConsumerLoggingWrapper - 0.8090044
DEBUG main org.apache.parquet.io.MessageColumnIO - addFloat(0.8090044)
DEBUG main org.apache.parquet.io.MessageColumnIO - r: 0
DEBUG main org.apache.parquet.io.MessageColumnIO - 0, VistedIndex{vistedIndexes={0, 1, 2}}: [value] r:0
DEBUG main org.apache.parquet.io.RecordConsumerLoggingWrapper - </value>
DEBUG main org.apache.parquet.io.MessageColumnIO - endField(value, 3)
DEBUG main org.apache.parquet.io.MessageColumnIO - 0, VistedIndex{vistedIndexes={0, 1, 2, 3}}: [] r:0
DEBUG main org.apache.parquet.io.RecordConsumerLoggingWrapper - <valueType>
DEBUG main org.apache.parquet.io.MessageColumnIO - startField(valueType, 4)
DEBUG main org.apache.parquet.io.MessageColumnIO - 0, VistedIndex{vistedIndexes={0, 1, 2, 3}}: [valueType] r:0
DEBUG main org.apache.parquet.io.RecordConsumerLoggingWrapper - [100, 101, 109, 111, 95, 109, 101, 97, 115, 117, 114, 101, 109, 101, 110, 116]
DEBUG main org.apache.parquet.io.MessageColumnIO - addBinary(16 bytes)
DEBUG main org.apache.parquet.io.MessageColumnIO - r: 0
DEBUG main org.apache.parquet.io.MessageColumnIO - 0, VistedIndex{vistedIndexes={0, 1, 2, 3}}: [valueType] r:0
DEBUG main org.apache.parquet.io.RecordConsumerLoggingWrapper - </valueType>
DEBUG main org.apache.parquet.io.MessageColumnIO - endField(valueType, 4)
DEBUG main org.apache.parquet.io.MessageColumnIO - 0, VistedIndex{vistedIndexes={0, 1, 2, 3, 4}}: [] r:0
DEBUG main org.apache.parquet.io.MessageColumnIO - < MESSAGE END >
DEBUG main org.apache.parquet.io.MessageColumnIO - 0, VistedIndex{vistedIndexes={0, 1, 2, 3, 4}}: [] r:0
DEBUG main org.apache.parquet.io.RecordConsumerLoggingWrapper - <!-- end message -->
DEBUG main org.apache.parquet.io.RecordConsumerLoggingWrapper - <!-- flush -->
INFO main org.apache.parquet.hadoop.InternalParquetRecordWriter - Flushing mem columnStore to file. allocated memory: 880
DEBUG main org.apache.parquet.hadoop.ParquetFileWriter - 4: start block
DEBUG main org.apache.parquet.column.values.dictionary.DictionaryValuesWriter - max dic id 0
DEBUG main org.apache.parquet.column.values.rle.RunLengthBitPackingHybridEncoder - Encoding: RunLengthBitPackingHybridEncoder with bithWidth: 0 initialCapacity 1024
DEBUG main org.apache.parquet.bytes.CapacityByteArrayOutputStream - initial slab of size 1024
DEBUG main org.apache.parquet.bytes.CapacityByteArrayOutputStream - used 0 slabs, adding new slab of size 1024
DEBUG main org.apache.parquet.column.values.dictionary.DictionaryValuesWriter - rle encoded bytes 1
DEBUG main org.apache.parquet.bytes.BytesInput - BytesInput from array of 1 bytes
DEBUG main org.apache.parquet.bytes.BytesInput$SequenceBytesIn - write 0 bytes to out
DEBUG main org.apache.parquet.bytes.BytesInput$SequenceBytesIn - write 0 bytes to out
DEBUG main org.apache.parquet.bytes.BytesInput$SequenceBytesIn - write 2 bytes to out
DEBUG main org.apache.parquet.bytes.BytesInput$SequenceBytesIn - {
DEBUG main org.apache.parquet.bytes.BytesInput$SequenceBytesIn - write 1 bytes to out
DEBUG main org.apache.parquet.bytes.BytesInput$SequenceBytesIn - write 1 bytes to out
DEBUG main org.apache.parquet.bytes.BytesInput$SequenceBytesIn - }
DEBUG main org.apache.parquet.bytes.BytesInput$SequenceBytesIn - write 45 bytes to out
DEBUG main org.apache.parquet.bytes.BytesInput$SequenceBytesIn - write 4 bytes to out
DEBUG main org.apache.parquet.bytes.BytesInput - converted 49 to byteArray of 49 bytes
DEBUG main org.apache.parquet.bytes.CapacityByteArrayOutputStream - initial slab of size 4
DEBUG main org.apache.parquet.bytes.CapacityByteArrayOutputStream - used 0 slabs, adding new slab of size 4
DEBUG main org.apache.parquet.column.values.plain.PlainValuesWriter - writing a buffer of size 4
DEBUG main org.apache.parquet.bytes.BytesInput - converted 6 to byteArray of 6 bytes
DEBUG main org.apache.parquet.bytes.BytesInput - BytesInput from array of 6 bytes
DEBUG main org.apache.parquet.column.values.dictionary.DictionaryValuesWriter - max dic id 25
DEBUG main org.apache.parquet.column.values.rle.RunLengthBitPackingHybridEncoder - Encoding: RunLengthBitPackingHybridEncoder with bithWidth: 5 initialCapacity 1024
DEBUG main org.apache.parquet.bytes.CapacityByteArrayOutputStream - initial slab of size 1024
DEBUG main org.apache.parquet.bytes.CapacityByteArrayOutputStream - used 0 slabs, adding new slab of size 1024
DEBUG main org.apache.parquet.column.values.dictionary.DictionaryValuesWriter - rle encoded bytes 21
DEBUG main org.apache.parquet.bytes.BytesInput - BytesInput from array of 1 bytes
DEBUG main org.apache.parquet.bytes.CapacityByteArrayOutputStream - used 0 slabs, adding new slab of size 1024
DEBUG main org.apache.parquet.column.values.plain.PlainValuesWriter - writing a buffer of size 208
DEBUG main org.apache.parquet.bytes.BytesInput$SequenceBytesIn - write 0 bytes to out
DEBUG main org.apache.parquet.bytes.BytesInput$SequenceBytesIn - write 0 bytes to out
DEBUG main org.apache.parquet.bytes.BytesInput$SequenceBytesIn - write 208 bytes to out
DEBUG main org.apache.parquet.bytes.BytesInput$SequenceBytesIn - write 63 bytes to out
DEBUG main org.apache.parquet.bytes.BytesInput$SequenceBytesIn - write 133 bytes to out
DEBUG main org.apache.parquet.bytes.BytesInput - converted 196 to byteArray of 196 bytes
DEBUG main org.apache.parquet.bytes.CapacityByteArrayOutputStream - initial slab of size 1024
DEBUG main org.apache.parquet.column.values.dictionary.DictionaryValuesWriter - max dic id 5
DEBUG main org.apache.parquet.column.values.rle.RunLengthBitPackingHybridEncoder - Encoding: RunLengthBitPackingHybridEncoder with bithWidth: 3 initialCapacity 1024
DEBUG main org.apache.parquet.bytes.CapacityByteArrayOutputStream - initial slab of size 1024
DEBUG main org.apache.parquet.bytes.CapacityByteArrayOutputStream - used 0 slabs, adding new slab of size 1024
DEBUG main org.apache.parquet.column.values.dictionary.DictionaryValuesWriter - rle encoded bytes 13
DEBUG main org.apache.parquet.bytes.BytesInput - BytesInput from array of 1 bytes
DEBUG main org.apache.parquet.bytes.BytesInput$SequenceBytesIn - write 0 bytes to out
DEBUG main org.apache.parquet.bytes.BytesInput$SequenceBytesIn - write 0 bytes to out
DEBUG main org.apache.parquet.bytes.BytesInput$SequenceBytesIn - write 14 bytes to out
DEBUG main org.apache.parquet.bytes.BytesInput$SequenceBytesIn - {
DEBUG main org.apache.parquet.bytes.BytesInput$SequenceBytesIn - write 1 bytes to out
DEBUG main org.apache.parquet.bytes.BytesInput$SequenceBytesIn - write 13 bytes to out
DEBUG main org.apache.parquet.bytes.BytesInput$SequenceBytesIn - }
DEBUG main org.apache.parquet.bytes.BytesInput$SequenceBytesIn - write 45 bytes to out
DEBUG main org.apache.parquet.bytes.BytesInput$SequenceBytesIn - write 16 bytes to out
DEBUG main org.apache.parquet.bytes.BytesInput - converted 61 to byteArray of 61 bytes
DEBUG main org.apache.parquet.bytes.CapacityByteArrayOutputStream - initial slab of size 24
DEBUG main org.apache.parquet.bytes.CapacityByteArrayOutputStream - used 0 slabs, adding new slab of size 24
DEBUG main org.apache.parquet.column.values.plain.PlainValuesWriter - writing a buffer of size 24
DEBUG main org.apache.parquet.bytes.BytesInput - converted 26 to byteArray of 26 bytes
DEBUG main org.apache.parquet.bytes.BytesInput - BytesInput from array of 26 bytes
DEBUG main org.apache.parquet.column.values.dictionary.DictionaryValuesWriter - max dic id 25
DEBUG main org.apache.parquet.column.values.rle.RunLengthBitPackingHybridEncoder - Encoding: RunLengthBitPackingHybridEncoder with bithWidth: 5 initialCapacity 1024
DEBUG main org.apache.parquet.bytes.CapacityByteArrayOutputStream - initial slab of size 1024
DEBUG main org.apache.parquet.bytes.CapacityByteArrayOutputStream - used 0 slabs, adding new slab of size 1024
DEBUG main org.apache.parquet.column.values.dictionary.DictionaryValuesWriter - rle encoded bytes 21
DEBUG main org.apache.parquet.bytes.BytesInput - BytesInput from array of 1 bytes
DEBUG main org.apache.parquet.bytes.CapacityByteArrayOutputStream - used 0 slabs, adding new slab of size 1024
DEBUG main org.apache.parquet.column.values.plain.PlainValuesWriter - writing a buffer of size 104
DEBUG main org.apache.parquet.bytes.BytesInput$SequenceBytesIn - write 0 bytes to out
DEBUG main org.apache.parquet.bytes.BytesInput$SequenceBytesIn - write 0 bytes to out
DEBUG main org.apache.parquet.bytes.BytesInput$SequenceBytesIn - write 104 bytes to out
DEBUG main org.apache.parquet.bytes.BytesInput$SequenceBytesIn - write 47 bytes to out
DEBUG main org.apache.parquet.bytes.BytesInput$SequenceBytesIn - write 107 bytes to out
DEBUG main org.apache.parquet.bytes.BytesInput - converted 154 to byteArray of 154 bytes
DEBUG main org.apache.parquet.bytes.CapacityByteArrayOutputStream - initial slab of size 1024
DEBUG main org.apache.parquet.column.values.dictionary.DictionaryValuesWriter - max dic id 0
DEBUG main org.apache.parquet.column.values.rle.RunLengthBitPackingHybridEncoder - Encoding: RunLengthBitPackingHybridEncoder with bithWidth: 0 initialCapacity 1024
DEBUG main org.apache.parquet.bytes.CapacityByteArrayOutputStream - initial slab of size 1024
DEBUG main org.apache.parquet.bytes.CapacityByteArrayOutputStream - used 0 slabs, adding new slab of size 1024
DEBUG main org.apache.parquet.column.values.dictionary.DictionaryValuesWriter - rle encoded bytes 1
DEBUG main org.apache.parquet.bytes.BytesInput - BytesInput from array of 1 bytes
DEBUG main org.apache.parquet.bytes.BytesInput$SequenceBytesIn - write 0 bytes to out
DEBUG main org.apache.parquet.bytes.BytesInput$SequenceBytesIn - write 0 bytes to out
DEBUG main org.apache.parquet.bytes.BytesInput$SequenceBytesIn - write 2 bytes to out
DEBUG main org.apache.parquet.bytes.BytesInput$SequenceBytesIn - {
DEBUG main org.apache.parquet.bytes.BytesInput$SequenceBytesIn - write 1 bytes to out
DEBUG main org.apache.parquet.bytes.BytesInput$SequenceBytesIn - write 1 bytes to out
DEBUG main org.apache.parquet.bytes.BytesInput$SequenceBytesIn - }
DEBUG main org.apache.parquet.bytes.BytesInput$SequenceBytesIn - write 93 bytes to out
DEBUG main org.apache.parquet.bytes.BytesInput$SequenceBytesIn - write 4 bytes to out
DEBUG main org.apache.parquet.bytes.BytesInput - converted 97 to byteArray of 97 bytes
DEBUG main org.apache.parquet.bytes.CapacityByteArrayOutputStream - initial slab of size 20
DEBUG main org.apache.parquet.bytes.CapacityByteArrayOutputStream - used 0 slabs, adding new slab of size 20
DEBUG main org.apache.parquet.bytes.CapacityByteArrayOutputStream - used 1 slabs, adding new slab of size 20
DEBUG main org.apache.parquet.column.values.plain.PlainValuesWriter - writing a buffer of size 20
DEBUG main org.apache.parquet.bytes.BytesInput - converted 22 to byteArray of 22 bytes
DEBUG main org.apache.parquet.bytes.BytesInput - BytesInput from array of 22 bytes
DEBUG main org.apache.parquet.hadoop.ParquetFileWriter - 4: write dictionary page: 1 values
DEBUG main org.apache.parquet.hadoop.ParquetFileWriter - 17: write dictionary page content 6
DEBUG main org.apache.parquet.hadoop.ParquetFileWriter - 23: write data pages
DEBUG main org.apache.parquet.hadoop.ParquetFileWriter - 23: write data pages content
DEBUG main org.apache.parquet.hadoop.ParquetFileWriter - 72: end column
DEBUG main org.apache.parquet.hadoop.ColumnChunkPageWriteStore - written 49B for [date] required int32 date: 26 values, 2B raw, 4B comp, 1 pages, encodings: [PLAIN_DICTIONARY], dic { 1 entries, 4B raw, 1B comp}
DEBUG main org.apache.parquet.hadoop.ParquetFileWriter - 72: write dictionary page: 6 values
DEBUG main org.apache.parquet.hadoop.ParquetFileWriter - 85: write dictionary page content 26
DEBUG main org.apache.parquet.hadoop.ParquetFileWriter - 111: write data pages
DEBUG main org.apache.parquet.hadoop.ParquetFileWriter - 111: write data pages content
DEBUG main org.apache.parquet.hadoop.ParquetFileWriter - 172: end column
DEBUG main org.apache.parquet.hadoop.ColumnChunkPageWriteStore - written 61B for [time] required int32 time: 26 values, 14B raw, 16B comp, 1 pages, encodings: [PLAIN_DICTIONARY], dic { 6 entries, 24B raw, 6B comp}
DEBUG main org.apache.parquet.hadoop.ParquetFileWriter - 172: write data pages
DEBUG main org.apache.parquet.hadoop.ParquetFileWriter - 172: write data pages content
DEBUG main org.apache.parquet.hadoop.ParquetFileWriter - 368: end column
DEBUG main org.apache.parquet.hadoop.ColumnChunkPageWriteStore - written 196B for [key] required int64 key: 26 values, 208B raw, 133B comp, 1 pages, encodings: [PLAIN]
DEBUG main org.apache.parquet.hadoop.ParquetFileWriter - 368: write data pages
DEBUG main org.apache.parquet.hadoop.ParquetFileWriter - 368: write data pages content
DEBUG main org.apache.parquet.hadoop.ParquetFileWriter - 522: end column
DEBUG main org.apache.parquet.hadoop.ColumnChunkPageWriteStore - written 154B for [value] required float value: 26 values, 104B raw, 107B comp, 1 pages, encodings: [PLAIN]
DEBUG main org.apache.parquet.hadoop.ParquetFileWriter - 522: write dictionary page: 1 values
DEBUG main org.apache.parquet.hadoop.ParquetFileWriter - 535: write dictionary page content 22
DEBUG main org.apache.parquet.hadoop.ParquetFileWriter - 557: write data pages
DEBUG main org.apache.parquet.hadoop.ParquetFileWriter - 557: write data pages content
DEBUG main org.apache.parquet.hadoop.ParquetFileWriter - 654: end column
DEBUG main org.apache.parquet.hadoop.ColumnChunkPageWriteStore - written 97B for [valueType] required binary valueType (UTF8): 26 values, 2B raw, 4B comp, 1 pages, encodings: [PLAIN_DICTIONARY], dic { 1 entries, 20B raw, 1B comp}
DEBUG main org.apache.parquet.hadoop.ParquetFileWriter - 654: end block
DEBUG main org.apache.parquet.hadoop.ParquetFileWriter - 654: end
DEBUG main org.apache.parquet.hadoop.ParquetFileWriter - 1575: footer length = 921
DEBUG main org.apache.parquet.bytes.BytesUtils - write le int: 921 => 153 3 0 0
DEBUG main org.apache.kafka.clients.consumer.KafkaConsumer - [Consumer clientId=Homework demo client, groupId=example-consumer-group] Committing offsets: {data-sensor-topic-0=OffsetAndMetadata{offset=11734, leaderEpoch=0, metadata=''}}
DEBUG main org.apache.kafka.clients.Metadata - [Consumer clientId=Homework demo client, groupId=example-consumer-group] Not replacing existing epoch 0 with new epoch 0
DEBUG main org.apache.kafka.clients.consumer.internals.ConsumerCoordinator - [Consumer clientId=Homework demo client, groupId=example-consumer-group] Completed asynchronous auto-commit of offsets {data-sensor-topic-0=OffsetAndMetadata{offset=11708, leaderEpoch=null, metadata=''}}
DEBUG main org.apache.kafka.clients.NetworkClient - [Consumer clientId=Homework demo client, groupId=example-consumer-group] Using older server API v6 to send OFFSET_COMMIT {group_id=example-consumer-group,generation_id=153,member_id=Homework demo client-08c5f410-e39a-43c9-94a6-8a24a281aaf9,topics=[{name=data-sensor-topic,partitions=[{partition_index=0,committed_offset=11734,committed_leader_epoch=0,committed_metadata=}]}]} with correlation id 77 to node 2147483647
DEBUG Timer-0 io.confluent.kafka.schemaregistry.client.rest.RestService - Sending POST with input {"schema":"{\"type\":\"record\",\"name\":\"Key\",\"namespace\":\"models\",\"fields\":[{\"name\":\"deviceId\",\"type\":\"int\"}]}"} to http://89.108.103.154:8081/subjects/data-sensor-topic-key/versions
DEBUG kafka-coordinator-heartbeat-thread | example-consumer-group org.apache.kafka.clients.FetchSessionHandler - [Consumer clientId=Homework demo client, groupId=example-consumer-group] Node 0 sent an incremental fetch response for session 507347947 with 1 response partition(s)
DEBUG kafka-coordinator-heartbeat-thread | example-consumer-group org.apache.kafka.clients.consumer.internals.Fetcher - [Consumer clientId=Homework demo client, groupId=example-consumer-group] Fetch READ_UNCOMMITTED at offset 11734 for partition data-sensor-topic-0 returned fetch data (error=NONE, highWaterMark=11735, lastStableOffset = 11735, logStartOffset = 0, preferredReadReplica = absent, abortedTransactions = null, recordsSizeInBytes=113)
DEBUG Timer-0 io.confluent.kafka.schemaregistry.client.rest.RestService - Sending POST with input {"schema":"{\"type\":\"record\",\"name\":\"DeviceMeasurements\",\"namespace\":\"models\",\"fields\":[{\"name\":\"date\",\"type\":\"int\"},{\"name\":\"time\",\"type\":\"int\"},{\"name\":\"key\",\"type\":\"long\"},{\"name\":\"value\",\"type\":\"float\"},{\"name\":\"valueType\",\"type\":\"string\"}]}"} to http://89.108.103.154:8081/subjects/data-sensor-topic-value/versions
DEBUG Timer-0 io.confluent.kafka.schemaregistry.client.rest.RestService - Sending POST with input {"schema":"{\"type\":\"record\",\"name\":\"Key\",\"namespace\":\"models\",\"fields\":[{\"name\":\"deviceId\",\"type\":\"int\"}]}"} to http://89.108.103.154:8081/subjects/data-sensor-topic-key/versions
DEBUG Timer-0 io.confluent.kafka.schemaregistry.client.rest.RestService - Sending POST with input {"schema":"{\"type\":\"record\",\"name\":\"DeviceMeasurements\",\"namespace\":\"models\",\"fields\":[{\"name\":\"date\",\"type\":\"int\"},{\"name\":\"time\",\"type\":\"int\"},{\"name\":\"key\",\"type\":\"long\"},{\"name\":\"value\",\"type\":\"float\"},{\"name\":\"valueType\",\"type\":\"string\"}]}"} to http://89.108.103.154:8081/subjects/data-sensor-topic-value/versions
DEBUG kafka-coordinator-heartbeat-thread | example-consumer-group org.apache.kafka.clients.consumer.internals.ConsumerCoordinator - [Consumer clientId=Homework demo client, groupId=example-consumer-group] Committed offset 11734 for partition data-sensor-topic-0
DEBUG Timer-0 io.confluent.kafka.schemaregistry.client.rest.RestService - Sending POST with input {"schema":"{\"type\":\"record\",\"name\":\"Key\",\"namespace\":\"models\",\"fields\":[{\"name\":\"deviceId\",\"type\":\"int\"}]}"} to http://89.108.103.154:8081/subjects/data-sensor-topic-key/versions
DEBUG Timer-0 io.confluent.kafka.schemaregistry.client.rest.RestService - Sending POST with input {"schema":"{\"type\":\"record\",\"name\":\"DeviceMeasurements\",\"namespace\":\"models\",\"fields\":[{\"name\":\"date\",\"type\":\"int\"},{\"name\":\"time\",\"type\":\"int\"},{\"name\":\"key\",\"type\":\"long\"},{\"name\":\"value\",\"type\":\"float\"},{\"name\":\"valueType\",\"type\":\"string\"}]}"} to http://89.108.103.154:8081/subjects/data-sensor-topic-value/versions
DEBUG Timer-0 io.confluent.kafka.schemaregistry.client.rest.RestService - Sending POST with input {"schema":"{\"type\":\"record\",\"name\":\"Key\",\"namespace\":\"models\",\"fields\":[{\"name\":\"deviceId\",\"type\":\"int\"}]}"} to http://89.108.103.154:8081/subjects/data-sensor-topic-key/versions
DEBUG Timer-0 io.confluent.kafka.schemaregistry.client.rest.RestService - Sending POST with input {"schema":"{\"type\":\"record\",\"name\":\"DeviceMeasurements\",\"namespace\":\"models\",\"fields\":[{\"name\":\"date\",\"type\":\"int\"},{\"name\":\"time\",\"type\":\"int\"},{\"name\":\"key\",\"type\":\"long\"},{\"name\":\"value\",\"type\":\"float\"},{\"name\":\"valueType\",\"type\":\"string\"}]}"} to http://89.108.103.154:8081/subjects/data-sensor-topic-value/versions
DEBUG Timer-0 io.confluent.kafka.schemaregistry.client.rest.RestService - Sending POST with input {"schema":"{\"type\":\"record\",\"name\":\"Key\",\"namespace\":\"models\",\"fields\":[{\"name\":\"deviceId\",\"type\":\"int\"}]}"} to http://89.108.103.154:8081/subjects/data-sensor-topic-key/versions
DEBUG Timer-0 io.confluent.kafka.schemaregistry.client.rest.RestService - Sending POST with input {"schema":"{\"type\":\"record\",\"name\":\"DeviceMeasurements\",\"namespace\":\"models\",\"fields\":[{\"name\":\"date\",\"type\":\"int\"},{\"name\":\"time\",\"type\":\"int\"},{\"name\":\"key\",\"type\":\"long\"},{\"name\":\"value\",\"type\":\"float\"},{\"name\":\"valueType\",\"type\":\"string\"}]}"} to http://89.108.103.154:8081/subjects/data-sensor-topic-value/versions
DEBUG Timer-0 io.confluent.kafka.schemaregistry.client.rest.RestService - Sending POST with input {"schema":"{\"type\":\"record\",\"name\":\"Key\",\"namespace\":\"models\",\"fields\":[{\"name\":\"deviceId\",\"type\":\"int\"}]}"} to http://89.108.103.154:8081/subjects/data-sensor-topic-key/versions
DEBUG Timer-0 io.confluent.kafka.schemaregistry.client.rest.RestService - Sending POST with input {"schema":"{\"type\":\"record\",\"name\":\"DeviceMeasurements\",\"namespace\":\"models\",\"fields\":[{\"name\":\"date\",\"type\":\"int\"},{\"name\":\"time\",\"type\":\"int\"},{\"name\":\"key\",\"type\":\"long\"},{\"name\":\"value\",\"type\":\"float\"},{\"name\":\"valueType\",\"type\":\"string\"}]}"} to http://89.108.103.154:8081/subjects/data-sensor-topic-value/versions
DEBUG Timer-0 io.confluent.kafka.schemaregistry.client.rest.RestService - Sending POST with input {"schema":"{\"type\":\"record\",\"name\":\"Key\",\"namespace\":\"models\",\"fields\":[{\"name\":\"deviceId\",\"type\":\"int\"}]}"} to http://89.108.103.154:8081/subjects/data-sensor-topic-key/versions
DEBUG Timer-0 io.confluent.kafka.schemaregistry.client.rest.RestService - Sending POST with input {"schema":"{\"type\":\"record\",\"name\":\"DeviceMeasurements\",\"namespace\":\"models\",\"fields\":[{\"name\":\"date\",\"type\":\"int\"},{\"name\":\"time\",\"type\":\"int\"},{\"name\":\"key\",\"type\":\"long\"},{\"name\":\"value\",\"type\":\"float\"},{\"name\":\"valueType\",\"type\":\"string\"}]}"} to http://89.108.103.154:8081/subjects/data-sensor-topic-value/versions
DEBUG Timer-0 io.confluent.kafka.schemaregistry.client.rest.RestService - Sending POST with input {"schema":"{\"type\":\"record\",\"name\":\"Key\",\"namespace\":\"models\",\"fields\":[{\"name\":\"deviceId\",\"type\":\"int\"}]}"} to http://89.108.103.154:8081/subjects/data-sensor-topic-key/versions
DEBUG Timer-0 io.confluent.kafka.schemaregistry.client.rest.RestService - Sending POST with input {"schema":"{\"type\":\"record\",\"name\":\"DeviceMeasurements\",\"namespace\":\"models\",\"fields\":[{\"name\":\"date\",\"type\":\"int\"},{\"name\":\"time\",\"type\":\"int\"},{\"name\":\"key\",\"type\":\"long\"},{\"name\":\"value\",\"type\":\"float\"},{\"name\":\"valueType\",\"type\":\"string\"}]}"} to http://89.108.103.154:8081/subjects/data-sensor-topic-value/versions
DEBUG Timer-0 io.confluent.kafka.schemaregistry.client.rest.RestService - Sending POST with input {"schema":"{\"type\":\"record\",\"name\":\"Key\",\"namespace\":\"models\",\"fields\":[{\"name\":\"deviceId\",\"type\":\"int\"}]}"} to http://89.108.103.154:8081/subjects/data-sensor-topic-key/versions
DEBUG Timer-0 io.confluent.kafka.schemaregistry.client.rest.RestService - Sending POST with input {"schema":"{\"type\":\"record\",\"name\":\"DeviceMeasurements\",\"namespace\":\"models\",\"fields\":[{\"name\":\"date\",\"type\":\"int\"},{\"name\":\"time\",\"type\":\"int\"},{\"name\":\"key\",\"type\":\"long\"},{\"name\":\"value\",\"type\":\"float\"},{\"name\":\"valueType\",\"type\":\"string\"}]}"} to http://89.108.103.154:8081/subjects/data-sensor-topic-value/versions
DEBUG Timer-0 io.confluent.kafka.schemaregistry.client.rest.RestService - Sending POST with input {"schema":"{\"type\":\"record\",\"name\":\"Key\",\"namespace\":\"models\",\"fields\":[{\"name\":\"deviceId\",\"type\":\"int\"}]}"} to http://89.108.103.154:8081/subjects/data-sensor-topic-key/versions
DEBUG Timer-0 io.confluent.kafka.schemaregistry.client.rest.RestService - Sending POST with input {"schema":"{\"type\":\"record\",\"name\":\"DeviceMeasurements\",\"namespace\":\"models\",\"fields\":[{\"name\":\"date\",\"type\":\"int\"},{\"name\":\"time\",\"type\":\"int\"},{\"name\":\"key\",\"type\":\"long\"},{\"name\":\"value\",\"type\":\"float\"},{\"name\":\"valueType\",\"type\":\"string\"}]}"} to http://89.108.103.154:8081/subjects/data-sensor-topic-value/versions
DEBUG Timer-0 io.confluent.kafka.schemaregistry.client.rest.RestService - Sending POST with input {"schema":"{\"type\":\"record\",\"name\":\"Key\",\"namespace\":\"models\",\"fields\":[{\"name\":\"deviceId\",\"type\":\"int\"}]}"} to http://89.108.103.154:8081/subjects/data-sensor-topic-key/versions
DEBUG Timer-0 io.confluent.kafka.schemaregistry.client.rest.RestService - Sending POST with input {"schema":"{\"type\":\"record\",\"name\":\"DeviceMeasurements\",\"namespace\":\"models\",\"fields\":[{\"name\":\"date\",\"type\":\"int\"},{\"name\":\"time\",\"type\":\"int\"},{\"name\":\"key\",\"type\":\"long\"},{\"name\":\"value\",\"type\":\"float\"},{\"name\":\"valueType\",\"type\":\"string\"}]}"} to http://89.108.103.154:8081/subjects/data-sensor-topic-value/versions
DEBUG Timer-0 io.confluent.kafka.schemaregistry.client.rest.RestService - Sending POST with input {"schema":"{\"type\":\"record\",\"name\":\"Key\",\"namespace\":\"models\",\"fields\":[{\"name\":\"deviceId\",\"type\":\"int\"}]}"} to http://89.108.103.154:8081/subjects/data-sensor-topic-key/versions
DEBUG Timer-0 io.confluent.kafka.schemaregistry.client.rest.RestService - Sending POST with input {"schema":"{\"type\":\"record\",\"name\":\"DeviceMeasurements\",\"namespace\":\"models\",\"fields\":[{\"name\":\"date\",\"type\":\"int\"},{\"name\":\"time\",\"type\":\"int\"},{\"name\":\"key\",\"type\":\"long\"},{\"name\":\"value\",\"type\":\"float\"},{\"name\":\"valueType\",\"type\":\"string\"}]}"} to http://89.108.103.154:8081/subjects/data-sensor-topic-value/versions
DEBUG Timer-0 io.confluent.kafka.schemaregistry.client.rest.RestService - Sending POST with input {"schema":"{\"type\":\"record\",\"name\":\"Key\",\"namespace\":\"models\",\"fields\":[{\"name\":\"deviceId\",\"type\":\"int\"}]}"} to http://89.108.103.154:8081/subjects/data-sensor-topic-key/versions
DEBUG Timer-0 io.confluent.kafka.schemaregistry.client.rest.RestService - Sending POST with input {"schema":"{\"type\":\"record\",\"name\":\"DeviceMeasurements\",\"namespace\":\"models\",\"fields\":[{\"name\":\"date\",\"type\":\"int\"},{\"name\":\"time\",\"type\":\"int\"},{\"name\":\"key\",\"type\":\"long\"},{\"name\":\"value\",\"type\":\"float\"},{\"name\":\"valueType\",\"type\":\"string\"}]}"} to http://89.108.103.154:8081/subjects/data-sensor-topic-value/versions
DEBUG Timer-0 io.confluent.kafka.schemaregistry.client.rest.RestService - Sending POST with input {"schema":"{\"type\":\"record\",\"name\":\"Key\",\"namespace\":\"models\",\"fields\":[{\"name\":\"deviceId\",\"type\":\"int\"}]}"} to http://89.108.103.154:8081/subjects/data-sensor-topic-key/versions
DEBUG Timer-0 io.confluent.kafka.schemaregistry.client.rest.RestService - Sending POST with input {"schema":"{\"type\":\"record\",\"name\":\"DeviceMeasurements\",\"namespace\":\"models\",\"fields\":[{\"name\":\"date\",\"type\":\"int\"},{\"name\":\"time\",\"type\":\"int\"},{\"name\":\"key\",\"type\":\"long\"},{\"name\":\"value\",\"type\":\"float\"},{\"name\":\"valueType\",\"type\":\"string\"}]}"} to http://89.108.103.154:8081/subjects/data-sensor-topic-value/versions
DEBUG Timer-0 io.confluent.kafka.schemaregistry.client.rest.RestService - Sending POST with input {"schema":"{\"type\":\"record\",\"name\":\"Key\",\"namespace\":\"models\",\"fields\":[{\"name\":\"deviceId\",\"type\":\"int\"}]}"} to http://89.108.103.154:8081/subjects/data-sensor-topic-key/versions
DEBUG Timer-0 io.confluent.kafka.schemaregistry.client.rest.RestService - Sending POST with input {"schema":"{\"type\":\"record\",\"name\":\"DeviceMeasurements\",\"namespace\":\"models\",\"fields\":[{\"name\":\"date\",\"type\":\"int\"},{\"name\":\"time\",\"type\":\"int\"},{\"name\":\"key\",\"type\":\"long\"},{\"name\":\"value\",\"type\":\"float\"},{\"name\":\"valueType\",\"type\":\"string\"}]}"} to http://89.108.103.154:8081/subjects/data-sensor-topic-value/versions
DEBUG Timer-0 io.confluent.kafka.schemaregistry.client.rest.RestService - Sending POST with input {"schema":"{\"type\":\"record\",\"name\":\"Key\",\"namespace\":\"models\",\"fields\":[{\"name\":\"deviceId\",\"type\":\"int\"}]}"} to http://89.108.103.154:8081/subjects/data-sensor-topic-key/versions
DEBUG Timer-0 io.confluent.kafka.schemaregistry.client.rest.RestService - Sending POST with input {"schema":"{\"type\":\"record\",\"name\":\"DeviceMeasurements\",\"namespace\":\"models\",\"fields\":[{\"name\":\"date\",\"type\":\"int\"},{\"name\":\"time\",\"type\":\"int\"},{\"name\":\"key\",\"type\":\"long\"},{\"name\":\"value\",\"type\":\"float\"},{\"name\":\"valueType\",\"type\":\"string\"}]}"} to http://89.108.103.154:8081/subjects/data-sensor-topic-value/versions
DEBUG Timer-0 io.confluent.kafka.schemaregistry.client.rest.RestService - Sending POST with input {"schema":"{\"type\":\"record\",\"name\":\"Key\",\"namespace\":\"models\",\"fields\":[{\"name\":\"deviceId\",\"type\":\"int\"}]}"} to http://89.108.103.154:8081/subjects/data-sensor-topic-key/versions
DEBUG Timer-0 io.confluent.kafka.schemaregistry.client.rest.RestService - Sending POST with input {"schema":"{\"type\":\"record\",\"name\":\"DeviceMeasurements\",\"namespace\":\"models\",\"fields\":[{\"name\":\"date\",\"type\":\"int\"},{\"name\":\"time\",\"type\":\"int\"},{\"name\":\"key\",\"type\":\"long\"},{\"name\":\"value\",\"type\":\"float\"},{\"name\":\"valueType\",\"type\":\"string\"}]}"} to http://89.108.103.154:8081/subjects/data-sensor-topic-value/versions
DEBUG Timer-0 io.confluent.kafka.schemaregistry.client.rest.RestService - Sending POST with input {"schema":"{\"type\":\"record\",\"name\":\"Key\",\"namespace\":\"models\",\"fields\":[{\"name\":\"deviceId\",\"type\":\"int\"}]}"} to http://89.108.103.154:8081/subjects/data-sensor-topic-key/versions
DEBUG Timer-0 io.confluent.kafka.schemaregistry.client.rest.RestService - Sending POST with input {"schema":"{\"type\":\"record\",\"name\":\"DeviceMeasurements\",\"namespace\":\"models\",\"fields\":[{\"name\":\"date\",\"type\":\"int\"},{\"name\":\"time\",\"type\":\"int\"},{\"name\":\"key\",\"type\":\"long\"},{\"name\":\"value\",\"type\":\"float\"},{\"name\":\"valueType\",\"type\":\"string\"}]}"} to http://89.108.103.154:8081/subjects/data-sensor-topic-value/versions
DEBUG Timer-0 io.confluent.kafka.schemaregistry.client.rest.RestService - Sending POST with input {"schema":"{\"type\":\"record\",\"name\":\"Key\",\"namespace\":\"models\",\"fields\":[{\"name\":\"deviceId\",\"type\":\"int\"}]}"} to http://89.108.103.154:8081/subjects/data-sensor-topic-key/versions
DEBUG Timer-0 io.confluent.kafka.schemaregistry.client.rest.RestService - Sending POST with input {"schema":"{\"type\":\"record\",\"name\":\"DeviceMeasurements\",\"namespace\":\"models\",\"fields\":[{\"name\":\"date\",\"type\":\"int\"},{\"name\":\"time\",\"type\":\"int\"},{\"name\":\"key\",\"type\":\"long\"},{\"name\":\"value\",\"type\":\"float\"},{\"name\":\"valueType\",\"type\":\"string\"}]}"} to http://89.108.103.154:8081/subjects/data-sensor-topic-value/versions
DEBUG kafka-coordinator-heartbeat-thread | example-consumer-group org.apache.kafka.clients.consumer.internals.AbstractCoordinator - [Consumer clientId=Homework demo client, groupId=example-consumer-group] Sending Heartbeat request to coordinator 89-108-103-154.cloudvps.regruhosting.ru:9092 (id: 2147483647 rack: null)
DEBUG kafka-coordinator-heartbeat-thread | example-consumer-group org.apache.kafka.clients.NetworkClient - [Consumer clientId=Homework demo client, groupId=example-consumer-group] Using older server API v2 to send HEARTBEAT {group_id=example-consumer-group,generation_id=153,member_id=Homework demo client-08c5f410-e39a-43c9-94a6-8a24a281aaf9} with correlation id 78 to node 2147483647
DEBUG kafka-coordinator-heartbeat-thread | example-consumer-group org.apache.kafka.clients.consumer.internals.AbstractCoordinator - [Consumer clientId=Homework demo client, groupId=example-consumer-group] Received successful Heartbeat response
DEBUG Timer-0 io.confluent.kafka.schemaregistry.client.rest.RestService - Sending POST with input {"schema":"{\"type\":\"record\",\"name\":\"Key\",\"namespace\":\"models\",\"fields\":[{\"name\":\"deviceId\",\"type\":\"int\"}]}"} to http://89.108.103.154:8081/subjects/data-sensor-topic-key/versions
DEBUG Timer-0 io.confluent.kafka.schemaregistry.client.rest.RestService - Sending POST with input {"schema":"{\"type\":\"record\",\"name\":\"DeviceMeasurements\",\"namespace\":\"models\",\"fields\":[{\"name\":\"date\",\"type\":\"int\"},{\"name\":\"time\",\"type\":\"int\"},{\"name\":\"key\",\"type\":\"long\"},{\"name\":\"value\",\"type\":\"float\"},{\"name\":\"valueType\",\"type\":\"string\"}]}"} to http://89.108.103.154:8081/subjects/data-sensor-topic-value/versions
DEBUG Timer-0 io.confluent.kafka.schemaregistry.client.rest.RestService - Sending POST with input {"schema":"{\"type\":\"record\",\"name\":\"Key\",\"namespace\":\"models\",\"fields\":[{\"name\":\"deviceId\",\"type\":\"int\"}]}"} to http://89.108.103.154:8081/subjects/data-sensor-topic-key/versions
DEBUG Timer-0 io.confluent.kafka.schemaregistry.client.rest.RestService - Sending POST with input {"schema":"{\"type\":\"record\",\"name\":\"DeviceMeasurements\",\"namespace\":\"models\",\"fields\":[{\"name\":\"date\",\"type\":\"int\"},{\"name\":\"time\",\"type\":\"int\"},{\"name\":\"key\",\"type\":\"long\"},{\"name\":\"value\",\"type\":\"float\"},{\"name\":\"valueType\",\"type\":\"string\"}]}"} to http://89.108.103.154:8081/subjects/data-sensor-topic-value/versions
DEBUG Timer-0 io.confluent.kafka.schemaregistry.client.rest.RestService - Sending POST with input {"schema":"{\"type\":\"record\",\"name\":\"Key\",\"namespace\":\"models\",\"fields\":[{\"name\":\"deviceId\",\"type\":\"int\"}]}"} to http://89.108.103.154:8081/subjects/data-sensor-topic-key/versions
DEBUG Timer-0 io.confluent.kafka.schemaregistry.client.rest.RestService - Sending POST with input {"schema":"{\"type\":\"record\",\"name\":\"DeviceMeasurements\",\"namespace\":\"models\",\"fields\":[{\"name\":\"date\",\"type\":\"int\"},{\"name\":\"time\",\"type\":\"int\"},{\"name\":\"key\",\"type\":\"long\"},{\"name\":\"value\",\"type\":\"float\"},{\"name\":\"valueType\",\"type\":\"string\"}]}"} to http://89.108.103.154:8081/subjects/data-sensor-topic-value/versions
DEBUG Timer-0 io.confluent.kafka.schemaregistry.client.rest.RestService - Sending POST with input {"schema":"{\"type\":\"record\",\"name\":\"Key\",\"namespace\":\"models\",\"fields\":[{\"name\":\"deviceId\",\"type\":\"int\"}]}"} to http://89.108.103.154:8081/subjects/data-sensor-topic-key/versions
DEBUG Timer-0 io.confluent.kafka.schemaregistry.client.rest.RestService - Sending POST with input {"schema":"{\"type\":\"record\",\"name\":\"DeviceMeasurements\",\"namespace\":\"models\",\"fields\":[{\"name\":\"date\",\"type\":\"int\"},{\"name\":\"time\",\"type\":\"int\"},{\"name\":\"key\",\"type\":\"long\"},{\"name\":\"value\",\"type\":\"float\"},{\"name\":\"valueType\",\"type\":\"string\"}]}"} to http://89.108.103.154:8081/subjects/data-sensor-topic-value/versions
DEBUG Timer-0 io.confluent.kafka.schemaregistry.client.rest.RestService - Sending POST with input {"schema":"{\"type\":\"record\",\"name\":\"Key\",\"namespace\":\"models\",\"fields\":[{\"name\":\"deviceId\",\"type\":\"int\"}]}"} to http://89.108.103.154:8081/subjects/data-sensor-topic-key/versions
DEBUG Timer-0 io.confluent.kafka.schemaregistry.client.rest.RestService - Sending POST with input {"schema":"{\"type\":\"record\",\"name\":\"DeviceMeasurements\",\"namespace\":\"models\",\"fields\":[{\"name\":\"date\",\"type\":\"int\"},{\"name\":\"time\",\"type\":\"int\"},{\"name\":\"key\",\"type\":\"long\"},{\"name\":\"value\",\"type\":\"float\"},{\"name\":\"valueType\",\"type\":\"string\"}]}"} to http://89.108.103.154:8081/subjects/data-sensor-topic-value/versions
DEBUG Timer-0 io.confluent.kafka.schemaregistry.client.rest.RestService - Sending POST with input {"schema":"{\"type\":\"record\",\"name\":\"Key\",\"namespace\":\"models\",\"fields\":[{\"name\":\"deviceId\",\"type\":\"int\"}]}"} to http://89.108.103.154:8081/subjects/data-sensor-topic-key/versions
DEBUG Timer-0 io.confluent.kafka.schemaregistry.client.rest.RestService - Sending POST with input {"schema":"{\"type\":\"record\",\"name\":\"DeviceMeasurements\",\"namespace\":\"models\",\"fields\":[{\"name\":\"date\",\"type\":\"int\"},{\"name\":\"time\",\"type\":\"int\"},{\"name\":\"key\",\"type\":\"long\"},{\"name\":\"value\",\"type\":\"float\"},{\"name\":\"valueType\",\"type\":\"string\"}]}"} to http://89.108.103.154:8081/subjects/data-sensor-topic-value/versions
DEBUG Timer-0 io.confluent.kafka.schemaregistry.client.rest.RestService - Sending POST with input {"schema":"{\"type\":\"record\",\"name\":\"Key\",\"namespace\":\"models\",\"fields\":[{\"name\":\"deviceId\",\"type\":\"int\"}]}"} to http://89.108.103.154:8081/subjects/data-sensor-topic-key/versions
DEBUG Timer-0 io.confluent.kafka.schemaregistry.client.rest.RestService - Sending POST with input {"schema":"{\"type\":\"record\",\"name\":\"DeviceMeasurements\",\"namespace\":\"models\",\"fields\":[{\"name\":\"date\",\"type\":\"int\"},{\"name\":\"time\",\"type\":\"int\"},{\"name\":\"key\",\"type\":\"long\"},{\"name\":\"value\",\"type\":\"float\"},{\"name\":\"valueType\",\"type\":\"string\"}]}"} to http://89.108.103.154:8081/subjects/data-sensor-topic-value/versions
DEBUG Timer-0 io.confluent.kafka.schemaregistry.client.rest.RestService - Sending POST with input {"schema":"{\"type\":\"record\",\"name\":\"Key\",\"namespace\":\"models\",\"fields\":[{\"name\":\"deviceId\",\"type\":\"int\"}]}"} to http://89.108.103.154:8081/subjects/data-sensor-topic-key/versions
DEBUG Timer-0 io.confluent.kafka.schemaregistry.client.rest.RestService - Sending POST with input {"schema":"{\"type\":\"record\",\"name\":\"DeviceMeasurements\",\"namespace\":\"models\",\"fields\":[{\"name\":\"date\",\"type\":\"int\"},{\"name\":\"time\",\"type\":\"int\"},{\"name\":\"key\",\"type\":\"long\"},{\"name\":\"value\",\"type\":\"float\"},{\"name\":\"valueType\",\"type\":\"string\"}]}"} to http://89.108.103.154:8081/subjects/data-sensor-topic-value/versions
DEBUG Timer-0 io.confluent.kafka.schemaregistry.client.rest.RestService - Sending POST with input {"schema":"{\"type\":\"record\",\"name\":\"Key\",\"namespace\":\"models\",\"fields\":[{\"name\":\"deviceId\",\"type\":\"int\"}]}"} to http://89.108.103.154:8081/subjects/data-sensor-topic-key/versions
DEBUG Timer-0 io.confluent.kafka.schemaregistry.client.rest.RestService - Sending POST with input {"schema":"{\"type\":\"record\",\"name\":\"DeviceMeasurements\",\"namespace\":\"models\",\"fields\":[{\"name\":\"date\",\"type\":\"int\"},{\"name\":\"time\",\"type\":\"int\"},{\"name\":\"key\",\"type\":\"long\"},{\"name\":\"value\",\"type\":\"float\"},{\"name\":\"valueType\",\"type\":\"string\"}]}"} to http://89.108.103.154:8081/subjects/data-sensor-topic-value/versions
DEBUG Timer-0 io.confluent.kafka.schemaregistry.client.rest.RestService - Sending POST with input {"schema":"{\"type\":\"record\",\"name\":\"Key\",\"namespace\":\"models\",\"fields\":[{\"name\":\"deviceId\",\"type\":\"int\"}]}"} to http://89.108.103.154:8081/subjects/data-sensor-topic-key/versions
DEBUG Timer-0 io.confluent.kafka.schemaregistry.client.rest.RestService - Sending POST with input {"schema":"{\"type\":\"record\",\"name\":\"DeviceMeasurements\",\"namespace\":\"models\",\"fields\":[{\"name\":\"date\",\"type\":\"int\"},{\"name\":\"time\",\"type\":\"int\"},{\"name\":\"key\",\"type\":\"long\"},{\"name\":\"value\",\"type\":\"float\"},{\"name\":\"valueType\",\"type\":\"string\"}]}"} to http://89.108.103.154:8081/subjects/data-sensor-topic-value/versions
DEBUG Timer-0 io.confluent.kafka.schemaregistry.client.rest.RestService - Sending POST with input {"schema":"{\"type\":\"record\",\"name\":\"Key\",\"namespace\":\"models\",\"fields\":[{\"name\":\"deviceId\",\"type\":\"int\"}]}"} to http://89.108.103.154:8081/subjects/data-sensor-topic-key/versions
DEBUG Timer-0 io.confluent.kafka.schemaregistry.client.rest.RestService - Sending POST with input {"schema":"{\"type\":\"record\",\"name\":\"DeviceMeasurements\",\"namespace\":\"models\",\"fields\":[{\"name\":\"date\",\"type\":\"int\"},{\"name\":\"time\",\"type\":\"int\"},{\"name\":\"key\",\"type\":\"long\"},{\"name\":\"value\",\"type\":\"float\"},{\"name\":\"valueType\",\"type\":\"string\"}]}"} to http://89.108.103.154:8081/subjects/data-sensor-topic-value/versions
DEBUG Timer-0 io.confluent.kafka.schemaregistry.client.rest.RestService - Sending POST with input {"schema":"{\"type\":\"record\",\"name\":\"Key\",\"namespace\":\"models\",\"fields\":[{\"name\":\"deviceId\",\"type\":\"int\"}]}"} to http://89.108.103.154:8081/subjects/data-sensor-topic-key/versions
DEBUG Timer-0 io.confluent.kafka.schemaregistry.client.rest.RestService - Sending POST with input {"schema":"{\"type\":\"record\",\"name\":\"DeviceMeasurements\",\"namespace\":\"models\",\"fields\":[{\"name\":\"date\",\"type\":\"int\"},{\"name\":\"time\",\"type\":\"int\"},{\"name\":\"key\",\"type\":\"long\"},{\"name\":\"value\",\"type\":\"float\"},{\"name\":\"valueType\",\"type\":\"string\"}]}"} to http://89.108.103.154:8081/subjects/data-sensor-topic-value/versions
DEBUG Timer-0 io.confluent.kafka.schemaregistry.client.rest.RestService - Sending POST with input {"schema":"{\"type\":\"record\",\"name\":\"Key\",\"namespace\":\"models\",\"fields\":[{\"name\":\"deviceId\",\"type\":\"int\"}]}"} to http://89.108.103.154:8081/subjects/data-sensor-topic-key/versions
DEBUG Timer-0 io.confluent.kafka.schemaregistry.client.rest.RestService - Sending POST with input {"schema":"{\"type\":\"record\",\"name\":\"DeviceMeasurements\",\"namespace\":\"models\",\"fields\":[{\"name\":\"date\",\"type\":\"int\"},{\"name\":\"time\",\"type\":\"int\"},{\"name\":\"key\",\"type\":\"long\"},{\"name\":\"value\",\"type\":\"float\"},{\"name\":\"valueType\",\"type\":\"string\"}]}"} to http://89.108.103.154:8081/subjects/data-sensor-topic-value/versions
DEBUG Timer-0 io.confluent.kafka.schemaregistry.client.rest.RestService - Sending POST with input {"schema":"{\"type\":\"record\",\"name\":\"Key\",\"namespace\":\"models\",\"fields\":[{\"name\":\"deviceId\",\"type\":\"int\"}]}"} to http://89.108.103.154:8081/subjects/data-sensor-topic-key/versions
DEBUG Timer-0 io.confluent.kafka.schemaregistry.client.rest.RestService - Sending POST with input {"schema":"{\"type\":\"record\",\"name\":\"DeviceMeasurements\",\"namespace\":\"models\",\"fields\":[{\"name\":\"date\",\"type\":\"int\"},{\"name\":\"time\",\"type\":\"int\"},{\"name\":\"key\",\"type\":\"long\"},{\"name\":\"value\",\"type\":\"float\"},{\"name\":\"valueType\",\"type\":\"string\"}]}"} to http://89.108.103.154:8081/subjects/data-sensor-topic-value/versions
DEBUG Timer-0 io.confluent.kafka.schemaregistry.client.rest.RestService - Sending POST with input {"schema":"{\"type\":\"record\",\"name\":\"Key\",\"namespace\":\"models\",\"fields\":[{\"name\":\"deviceId\",\"type\":\"int\"}]}"} to http://89.108.103.154:8081/subjects/data-sensor-topic-key/versions
DEBUG Timer-0 io.confluent.kafka.schemaregistry.client.rest.RestService - Sending POST with input {"schema":"{\"type\":\"record\",\"name\":\"DeviceMeasurements\",\"namespace\":\"models\",\"fields\":[{\"name\":\"date\",\"type\":\"int\"},{\"name\":\"time\",\"type\":\"int\"},{\"name\":\"key\",\"type\":\"long\"},{\"name\":\"value\",\"type\":\"float\"},{\"name\":\"valueType\",\"type\":\"string\"}]}"} to http://89.108.103.154:8081/subjects/data-sensor-topic-value/versions
DEBUG Timer-0 io.confluent.kafka.schemaregistry.client.rest.RestService - Sending POST with input {"schema":"{\"type\":\"record\",\"name\":\"Key\",\"namespace\":\"models\",\"fields\":[{\"name\":\"deviceId\",\"type\":\"int\"}]}"} to http://89.108.103.154:8081/subjects/data-sensor-topic-key/versions
DEBUG Timer-0 io.confluent.kafka.schemaregistry.client.rest.RestService - Sending POST with input {"schema":"{\"type\":\"record\",\"name\":\"DeviceMeasurements\",\"namespace\":\"models\",\"fields\":[{\"name\":\"date\",\"type\":\"int\"},{\"name\":\"time\",\"type\":\"int\"},{\"name\":\"key\",\"type\":\"long\"},{\"name\":\"value\",\"type\":\"float\"},{\"name\":\"valueType\",\"type\":\"string\"}]}"} to http://89.108.103.154:8081/subjects/data-sensor-topic-value/versions
DEBUG Timer-0 io.confluent.kafka.schemaregistry.client.rest.RestService - Sending POST with input {"schema":"{\"type\":\"record\",\"name\":\"Key\",\"namespace\":\"models\",\"fields\":[{\"name\":\"deviceId\",\"type\":\"int\"}]}"} to http://89.108.103.154:8081/subjects/data-sensor-topic-key/versions
DEBUG Timer-0 io.confluent.kafka.schemaregistry.client.rest.RestService - Sending POST with input {"schema":"{\"type\":\"record\",\"name\":\"DeviceMeasurements\",\"namespace\":\"models\",\"fields\":[{\"name\":\"date\",\"type\":\"int\"},{\"name\":\"time\",\"type\":\"int\"},{\"name\":\"key\",\"type\":\"long\"},{\"name\":\"value\",\"type\":\"float\"},{\"name\":\"valueType\",\"type\":\"string\"}]}"} to http://89.108.103.154:8081/subjects/data-sensor-topic-value/versions
DEBUG Timer-0 io.confluent.kafka.schemaregistry.client.rest.RestService - Sending POST with input {"schema":"{\"type\":\"record\",\"name\":\"Key\",\"namespace\":\"models\",\"fields\":[{\"name\":\"deviceId\",\"type\":\"int\"}]}"} to http://89.108.103.154:8081/subjects/data-sensor-topic-key/versions
DEBUG Timer-0 io.confluent.kafka.schemaregistry.client.rest.RestService - Sending POST with input {"schema":"{\"type\":\"record\",\"name\":\"DeviceMeasurements\",\"namespace\":\"models\",\"fields\":[{\"name\":\"date\",\"type\":\"int\"},{\"name\":\"time\",\"type\":\"int\"},{\"name\":\"key\",\"type\":\"long\"},{\"name\":\"value\",\"type\":\"float\"},{\"name\":\"valueType\",\"type\":\"string\"}]}"} to http://89.108.103.154:8081/subjects/data-sensor-topic-value/versions
DEBUG Timer-0 io.confluent.kafka.schemaregistry.client.rest.RestService - Sending POST with input {"schema":"{\"type\":\"record\",\"name\":\"Key\",\"namespace\":\"models\",\"fields\":[{\"name\":\"deviceId\",\"type\":\"int\"}]}"} to http://89.108.103.154:8081/subjects/data-sensor-topic-key/versions
DEBUG Timer-0 io.confluent.kafka.schemaregistry.client.rest.RestService - Sending POST with input {"schema":"{\"type\":\"record\",\"name\":\"DeviceMeasurements\",\"namespace\":\"models\",\"fields\":[{\"name\":\"date\",\"type\":\"int\"},{\"name\":\"time\",\"type\":\"int\"},{\"name\":\"key\",\"type\":\"long\"},{\"name\":\"value\",\"type\":\"float\"},{\"name\":\"valueType\",\"type\":\"string\"}]}"} to http://89.108.103.154:8081/subjects/data-sensor-topic-value/versions
DEBUG Timer-0 io.confluent.kafka.schemaregistry.client.rest.RestService - Sending POST with input {"schema":"{\"type\":\"record\",\"name\":\"Key\",\"namespace\":\"models\",\"fields\":[{\"name\":\"deviceId\",\"type\":\"int\"}]}"} to http://89.108.103.154:8081/subjects/data-sensor-topic-key/versions
DEBUG Timer-0 io.confluent.kafka.schemaregistry.client.rest.RestService - Sending POST with input {"schema":"{\"type\":\"record\",\"name\":\"DeviceMeasurements\",\"namespace\":\"models\",\"fields\":[{\"name\":\"date\",\"type\":\"int\"},{\"name\":\"time\",\"type\":\"int\"},{\"name\":\"key\",\"type\":\"long\"},{\"name\":\"value\",\"type\":\"float\"},{\"name\":\"valueType\",\"type\":\"string\"}]}"} to http://89.108.103.154:8081/subjects/data-sensor-topic-value/versions
DEBUG Timer-0 io.confluent.kafka.schemaregistry.client.rest.RestService - Sending POST with input {"schema":"{\"type\":\"record\",\"name\":\"Key\",\"namespace\":\"models\",\"fields\":[{\"name\":\"deviceId\",\"type\":\"int\"}]}"} to http://89.108.103.154:8081/subjects/data-sensor-topic-key/versions
DEBUG Timer-0 io.confluent.kafka.schemaregistry.client.rest.RestService - Sending POST with input {"schema":"{\"type\":\"record\",\"name\":\"DeviceMeasurements\",\"namespace\":\"models\",\"fields\":[{\"name\":\"date\",\"type\":\"int\"},{\"name\":\"time\",\"type\":\"int\"},{\"name\":\"key\",\"type\":\"long\"},{\"name\":\"value\",\"type\":\"float\"},{\"name\":\"valueType\",\"type\":\"string\"}]}"} to http://89.108.103.154:8081/subjects/data-sensor-topic-value/versions
DEBUG Timer-0 io.confluent.kafka.schemaregistry.client.rest.RestService - Sending POST with input {"schema":"{\"type\":\"record\",\"name\":\"Key\",\"namespace\":\"models\",\"fields\":[{\"name\":\"deviceId\",\"type\":\"int\"}]}"} to http://89.108.103.154:8081/subjects/data-sensor-topic-key/versions
DEBUG Timer-0 io.confluent.kafka.schemaregistry.client.rest.RestService - Sending POST with input {"schema":"{\"type\":\"record\",\"name\":\"DeviceMeasurements\",\"namespace\":\"models\",\"fields\":[{\"name\":\"date\",\"type\":\"int\"},{\"name\":\"time\",\"type\":\"int\"},{\"name\":\"key\",\"type\":\"long\"},{\"name\":\"value\",\"type\":\"float\"},{\"name\":\"valueType\",\"type\":\"string\"}]}"} to http://89.108.103.154:8081/subjects/data-sensor-topic-value/versions
DEBUG Timer-0 io.confluent.kafka.schemaregistry.client.rest.RestService - Sending POST with input {"schema":"{\"type\":\"record\",\"name\":\"Key\",\"namespace\":\"models\",\"fields\":[{\"name\":\"deviceId\",\"type\":\"int\"}]}"} to http://89.108.103.154:8081/subjects/data-sensor-topic-key/versions
DEBUG kafka-coordinator-heartbeat-thread | example-consumer-group org.apache.kafka.clients.consumer.internals.AbstractCoordinator - [Consumer clientId=Homework demo client, groupId=example-consumer-group] Sending Heartbeat request to coordinator 89-108-103-154.cloudvps.regruhosting.ru:9092 (id: 2147483647 rack: null)
DEBUG kafka-coordinator-heartbeat-thread | example-consumer-group org.apache.kafka.clients.NetworkClient - [Consumer clientId=Homework demo client, groupId=example-consumer-group] Using older server API v2 to send HEARTBEAT {group_id=example-consumer-group,generation_id=153,member_id=Homework demo client-08c5f410-e39a-43c9-94a6-8a24a281aaf9} with correlation id 79 to node 2147483647
DEBUG Timer-0 io.confluent.kafka.schemaregistry.client.rest.RestService - Sending POST with input {"schema":"{\"type\":\"record\",\"name\":\"DeviceMeasurements\",\"namespace\":\"models\",\"fields\":[{\"name\":\"date\",\"type\":\"int\"},{\"name\":\"time\",\"type\":\"int\"},{\"name\":\"key\",\"type\":\"long\"},{\"name\":\"value\",\"type\":\"float\"},{\"name\":\"valueType\",\"type\":\"string\"}]}"} to http://89.108.103.154:8081/subjects/data-sensor-topic-value/versions
DEBUG Timer-0 io.confluent.kafka.schemaregistry.client.rest.RestService - Sending POST with input {"schema":"{\"type\":\"record\",\"name\":\"Key\",\"namespace\":\"models\",\"fields\":[{\"name\":\"deviceId\",\"type\":\"int\"}]}"} to http://89.108.103.154:8081/subjects/data-sensor-topic-key/versions
DEBUG Timer-0 io.confluent.kafka.schemaregistry.client.rest.RestService - Sending POST with input {"schema":"{\"type\":\"record\",\"name\":\"DeviceMeasurements\",\"namespace\":\"models\",\"fields\":[{\"name\":\"date\",\"type\":\"int\"},{\"name\":\"time\",\"type\":\"int\"},{\"name\":\"key\",\"type\":\"long\"},{\"name\":\"value\",\"type\":\"float\"},{\"name\":\"valueType\",\"type\":\"string\"}]}"} to http://89.108.103.154:8081/subjects/data-sensor-topic-value/versions
DEBUG kafka-coordinator-heartbeat-thread | example-consumer-group org.apache.kafka.clients.consumer.internals.AbstractCoordinator - [Consumer clientId=Homework demo client, groupId=example-consumer-group] Received successful Heartbeat response
DEBUG Timer-0 io.confluent.kafka.schemaregistry.client.rest.RestService - Sending POST with input {"schema":"{\"type\":\"record\",\"name\":\"Key\",\"namespace\":\"models\",\"fields\":[{\"name\":\"deviceId\",\"type\":\"int\"}]}"} to http://89.108.103.154:8081/subjects/data-sensor-topic-key/versions
DEBUG Timer-0 io.confluent.kafka.schemaregistry.client.rest.RestService - Sending POST with input {"schema":"{\"type\":\"record\",\"name\":\"DeviceMeasurements\",\"namespace\":\"models\",\"fields\":[{\"name\":\"date\",\"type\":\"int\"},{\"name\":\"time\",\"type\":\"int\"},{\"name\":\"key\",\"type\":\"long\"},{\"name\":\"value\",\"type\":\"float\"},{\"name\":\"valueType\",\"type\":\"string\"}]}"} to http://89.108.103.154:8081/subjects/data-sensor-topic-value/versions
DEBUG Timer-0 io.confluent.kafka.schemaregistry.client.rest.RestService - Sending POST with input {"schema":"{\"type\":\"record\",\"name\":\"Key\",\"namespace\":\"models\",\"fields\":[{\"name\":\"deviceId\",\"type\":\"int\"}]}"} to http://89.108.103.154:8081/subjects/data-sensor-topic-key/versions
DEBUG Timer-0 io.confluent.kafka.schemaregistry.client.rest.RestService - Sending POST with input {"schema":"{\"type\":\"record\",\"name\":\"DeviceMeasurements\",\"namespace\":\"models\",\"fields\":[{\"name\":\"date\",\"type\":\"int\"},{\"name\":\"time\",\"type\":\"int\"},{\"name\":\"key\",\"type\":\"long\"},{\"name\":\"value\",\"type\":\"float\"},{\"name\":\"valueType\",\"type\":\"string\"}]}"} to http://89.108.103.154:8081/subjects/data-sensor-topic-value/versions
DEBUG Timer-0 io.confluent.kafka.schemaregistry.client.rest.RestService - Sending POST with input {"schema":"{\"type\":\"record\",\"name\":\"Key\",\"namespace\":\"models\",\"fields\":[{\"name\":\"deviceId\",\"type\":\"int\"}]}"} to http://89.108.103.154:8081/subjects/data-sensor-topic-key/versions
DEBUG Timer-0 io.confluent.kafka.schemaregistry.client.rest.RestService - Sending POST with input {"schema":"{\"type\":\"record\",\"name\":\"DeviceMeasurements\",\"namespace\":\"models\",\"fields\":[{\"name\":\"date\",\"type\":\"int\"},{\"name\":\"time\",\"type\":\"int\"},{\"name\":\"key\",\"type\":\"long\"},{\"name\":\"value\",\"type\":\"float\"},{\"name\":\"valueType\",\"type\":\"string\"}]}"} to http://89.108.103.154:8081/subjects/data-sensor-topic-value/versions
DEBUG Timer-0 io.confluent.kafka.schemaregistry.client.rest.RestService - Sending POST with input {"schema":"{\"type\":\"record\",\"name\":\"Key\",\"namespace\":\"models\",\"fields\":[{\"name\":\"deviceId\",\"type\":\"int\"}]}"} to http://89.108.103.154:8081/subjects/data-sensor-topic-key/versions
DEBUG Timer-0 io.confluent.kafka.schemaregistry.client.rest.RestService - Sending POST with input {"schema":"{\"type\":\"record\",\"name\":\"DeviceMeasurements\",\"namespace\":\"models\",\"fields\":[{\"name\":\"date\",\"type\":\"int\"},{\"name\":\"time\",\"type\":\"int\"},{\"name\":\"key\",\"type\":\"long\"},{\"name\":\"value\",\"type\":\"float\"},{\"name\":\"valueType\",\"type\":\"string\"}]}"} to http://89.108.103.154:8081/subjects/data-sensor-topic-value/versions
DEBUG Timer-0 io.confluent.kafka.schemaregistry.client.rest.RestService - Sending POST with input {"schema":"{\"type\":\"record\",\"name\":\"Key\",\"namespace\":\"models\",\"fields\":[{\"name\":\"deviceId\",\"type\":\"int\"}]}"} to http://89.108.103.154:8081/subjects/data-sensor-topic-key/versions
DEBUG Timer-0 io.confluent.kafka.schemaregistry.client.rest.RestService - Sending POST with input {"schema":"{\"type\":\"record\",\"name\":\"DeviceMeasurements\",\"namespace\":\"models\",\"fields\":[{\"name\":\"date\",\"type\":\"int\"},{\"name\":\"time\",\"type\":\"int\"},{\"name\":\"key\",\"type\":\"long\"},{\"name\":\"value\",\"type\":\"float\"},{\"name\":\"valueType\",\"type\":\"string\"}]}"} to http://89.108.103.154:8081/subjects/data-sensor-topic-value/versions
DEBUG Timer-0 io.confluent.kafka.schemaregistry.client.rest.RestService - Sending POST with input {"schema":"{\"type\":\"record\",\"name\":\"Key\",\"namespace\":\"models\",\"fields\":[{\"name\":\"deviceId\",\"type\":\"int\"}]}"} to http://89.108.103.154:8081/subjects/data-sensor-topic-key/versions
DEBUG Timer-0 io.confluent.kafka.schemaregistry.client.rest.RestService - Sending POST with input {"schema":"{\"type\":\"record\",\"name\":\"DeviceMeasurements\",\"namespace\":\"models\",\"fields\":[{\"name\":\"date\",\"type\":\"int\"},{\"name\":\"time\",\"type\":\"int\"},{\"name\":\"key\",\"type\":\"long\"},{\"name\":\"value\",\"type\":\"float\"},{\"name\":\"valueType\",\"type\":\"string\"}]}"} to http://89.108.103.154:8081/subjects/data-sensor-topic-value/versions
DEBUG Timer-0 io.confluent.kafka.schemaregistry.client.rest.RestService - Sending POST with input {"schema":"{\"type\":\"record\",\"name\":\"Key\",\"namespace\":\"models\",\"fields\":[{\"name\":\"deviceId\",\"type\":\"int\"}]}"} to http://89.108.103.154:8081/subjects/data-sensor-topic-key/versions
DEBUG Timer-0 io.confluent.kafka.schemaregistry.client.rest.RestService - Sending POST with input {"schema":"{\"type\":\"record\",\"name\":\"DeviceMeasurements\",\"namespace\":\"models\",\"fields\":[{\"name\":\"date\",\"type\":\"int\"},{\"name\":\"time\",\"type\":\"int\"},{\"name\":\"key\",\"type\":\"long\"},{\"name\":\"value\",\"type\":\"float\"},{\"name\":\"valueType\",\"type\":\"string\"}]}"} to http://89.108.103.154:8081/subjects/data-sensor-topic-value/versions
DEBUG Timer-0 io.confluent.kafka.schemaregistry.client.rest.RestService - Sending POST with input {"schema":"{\"type\":\"record\",\"name\":\"Key\",\"namespace\":\"models\",\"fields\":[{\"name\":\"deviceId\",\"type\":\"int\"}]}"} to http://89.108.103.154:8081/subjects/data-sensor-topic-key/versions
DEBUG Timer-0 io.confluent.kafka.schemaregistry.client.rest.RestService - Sending POST with input {"schema":"{\"type\":\"record\",\"name\":\"DeviceMeasurements\",\"namespace\":\"models\",\"fields\":[{\"name\":\"date\",\"type\":\"int\"},{\"name\":\"time\",\"type\":\"int\"},{\"name\":\"key\",\"type\":\"long\"},{\"name\":\"value\",\"type\":\"float\"},{\"name\":\"valueType\",\"type\":\"string\"}]}"} to http://89.108.103.154:8081/subjects/data-sensor-topic-value/versions
DEBUG Timer-0 io.confluent.kafka.schemaregistry.client.rest.RestService - Sending POST with input {"schema":"{\"type\":\"record\",\"name\":\"Key\",\"namespace\":\"models\",\"fields\":[{\"name\":\"deviceId\",\"type\":\"int\"}]}"} to http://89.108.103.154:8081/subjects/data-sensor-topic-key/versions
DEBUG Timer-0 io.confluent.kafka.schemaregistry.client.rest.RestService - Sending POST with input {"schema":"{\"type\":\"record\",\"name\":\"DeviceMeasurements\",\"namespace\":\"models\",\"fields\":[{\"name\":\"date\",\"type\":\"int\"},{\"name\":\"time\",\"type\":\"int\"},{\"name\":\"key\",\"type\":\"long\"},{\"name\":\"value\",\"type\":\"float\"},{\"name\":\"valueType\",\"type\":\"string\"}]}"} to http://89.108.103.154:8081/subjects/data-sensor-topic-value/versions
INFO Timer-0 org.apache.kafka.clients.producer.ProducerConfig - ProducerConfig values: 
	acks = all
	batch.size = 16384
	bootstrap.servers = [89.108.103.154:9092]
	buffer.memory = 33554432
	client.dns.lookup = default
	client.id = Homework demo client
	compression.type = none
	connections.max.idle.ms = 540000
	delivery.timeout.ms = 120000
	enable.idempotence = false
	interceptor.classes = []
	key.serializer = class io.confluent.kafka.serializers.KafkaAvroSerializer
	linger.ms = 0
	max.block.ms = 60000
	max.in.flight.requests.per.connection = 5
	max.request.size = 1048576
	metadata.max.age.ms = 300000
	metric.reporters = []
	metrics.num.samples = 2
	metrics.recording.level = INFO
	metrics.sample.window.ms = 30000
	partitioner.class = class org.apache.kafka.clients.producer.internals.DefaultPartitioner
	receive.buffer.bytes = 32768
	reconnect.backoff.max.ms = 1000
	reconnect.backoff.ms = 50
	request.timeout.ms = 30000
	retries = 2147483647
	retry.backoff.ms = 100
	sasl.client.callback.handler.class = null
	sasl.jaas.config = null
	sasl.kerberos.kinit.cmd = /usr/bin/kinit
	sasl.kerberos.min.time.before.relogin = 60000
	sasl.kerberos.service.name = null
	sasl.kerberos.ticket.renew.jitter = 0.05
	sasl.kerberos.ticket.renew.window.factor = 0.8
	sasl.login.callback.handler.class = null
	sasl.login.class = null
	sasl.login.refresh.buffer.seconds = 300
	sasl.login.refresh.min.period.seconds = 60
	sasl.login.refresh.window.factor = 0.8
	sasl.login.refresh.window.jitter = 0.05
	sasl.mechanism = GSSAPI
	security.protocol = PLAINTEXT
	send.buffer.bytes = 131072
	ssl.cipher.suites = null
	ssl.enabled.protocols = [TLSv1.2, TLSv1.1, TLSv1]
	ssl.endpoint.identification.algorithm = https
	ssl.key.password = null
	ssl.keymanager.algorithm = SunX509
	ssl.keystore.location = null
	ssl.keystore.password = null
	ssl.keystore.type = JKS
	ssl.protocol = TLS
	ssl.provider = null
	ssl.secure.random.implementation = null
	ssl.trustmanager.algorithm = PKIX
	ssl.truststore.location = null
	ssl.truststore.password = null
	ssl.truststore.type = JKS
	transaction.timeout.ms = 60000
	transactional.id = null
	value.serializer = class io.confluent.kafka.serializers.KafkaAvroSerializer

INFO Timer-0 io.confluent.kafka.serializers.KafkaAvroSerializerConfig - KafkaAvroSerializerConfig values: 
	schema.registry.url = [http://89.108.103.154:8081]
	max.schemas.per.subject = 1000

INFO Timer-0 io.confluent.kafka.serializers.KafkaAvroSerializerConfig - KafkaAvroSerializerConfig values: 
	schema.registry.url = [http://89.108.103.154:8081]
	max.schemas.per.subject = 1000

DEBUG Timer-0 org.apache.kafka.common.metrics.Metrics - Added sensor with name bufferpool-wait-time
DEBUG Timer-0 org.apache.kafka.common.metrics.Metrics - Added sensor with name buffer-exhausted-records
DEBUG Timer-0 org.apache.kafka.common.metrics.Metrics - Added sensor with name errors
DEBUG Timer-0 org.apache.kafka.common.metrics.Metrics - Added sensor with name produce-throttle-time
DEBUG Timer-0 org.apache.kafka.common.metrics.Metrics - Added sensor with name connections-closed:
DEBUG Timer-0 org.apache.kafka.common.metrics.Metrics - Added sensor with name connections-created:
DEBUG Timer-0 org.apache.kafka.common.metrics.Metrics - Added sensor with name successful-authentication:
DEBUG Timer-0 org.apache.kafka.common.metrics.Metrics - Added sensor with name successful-reauthentication:
DEBUG Timer-0 org.apache.kafka.common.metrics.Metrics - Added sensor with name successful-authentication-no-reauth:
DEBUG Timer-0 org.apache.kafka.common.metrics.Metrics - Added sensor with name failed-authentication:
DEBUG Timer-0 org.apache.kafka.common.metrics.Metrics - Added sensor with name failed-reauthentication:
DEBUG Timer-0 org.apache.kafka.common.metrics.Metrics - Added sensor with name reauthentication-latency:
DEBUG Timer-0 org.apache.kafka.common.metrics.Metrics - Added sensor with name bytes-sent-received:
DEBUG Timer-0 org.apache.kafka.common.metrics.Metrics - Added sensor with name bytes-sent:
DEBUG Timer-0 org.apache.kafka.common.metrics.Metrics - Added sensor with name bytes-received:
DEBUG Timer-0 org.apache.kafka.common.metrics.Metrics - Added sensor with name select-time:
DEBUG Timer-0 org.apache.kafka.common.metrics.Metrics - Added sensor with name io-time:
DEBUG Timer-0 org.apache.kafka.common.metrics.Metrics - Added sensor with name batch-size
DEBUG Timer-0 org.apache.kafka.common.metrics.Metrics - Added sensor with name compression-rate
DEBUG Timer-0 org.apache.kafka.common.metrics.Metrics - Added sensor with name queue-time
DEBUG Timer-0 org.apache.kafka.common.metrics.Metrics - Added sensor with name request-time
DEBUG Timer-0 org.apache.kafka.common.metrics.Metrics - Added sensor with name records-per-request
DEBUG Timer-0 org.apache.kafka.common.metrics.Metrics - Added sensor with name record-retries
DEBUG Timer-0 org.apache.kafka.common.metrics.Metrics - Added sensor with name record-size
DEBUG Timer-0 org.apache.kafka.common.metrics.Metrics - Added sensor with name batch-split-rate
INFO Timer-0 org.apache.kafka.common.utils.AppInfoParser - Kafka version: 2.3.0
INFO Timer-0 org.apache.kafka.common.utils.AppInfoParser - Kafka commitId: fc1aaa116b661c8a
INFO Timer-0 org.apache.kafka.common.utils.AppInfoParser - Kafka startTimeMs: 1561722593610
WARN Timer-0 org.apache.kafka.common.utils.AppInfoParser - Error registering AppInfo mbean
javax.management.InstanceAlreadyExistsException: kafka.producer:type=app-info,id=Homework demo client
	at com.sun.jmx.mbeanserver.Repository.addMBean(Repository.java:437)
	at com.sun.jmx.interceptor.DefaultMBeanServerInterceptor.registerWithRepository(DefaultMBeanServerInterceptor.java:1898)
	at com.sun.jmx.interceptor.DefaultMBeanServerInterceptor.registerDynamicMBean(DefaultMBeanServerInterceptor.java:966)
	at com.sun.jmx.interceptor.DefaultMBeanServerInterceptor.registerObject(DefaultMBeanServerInterceptor.java:900)
	at com.sun.jmx.interceptor.DefaultMBeanServerInterceptor.registerMBean(DefaultMBeanServerInterceptor.java:324)
	at com.sun.jmx.mbeanserver.JmxMBeanServer.registerMBean(JmxMBeanServer.java:522)
	at org.apache.kafka.common.utils.AppInfoParser.registerAppInfo(AppInfoParser.java:64)
	at org.apache.kafka.clients.producer.KafkaProducer.<init>(KafkaProducer.java:427)
	at org.apache.kafka.clients.producer.KafkaProducer.<init>(KafkaProducer.java:298)
	at producer_logic.KProducer.producer$lzycompute(KProducer.scala:21)
	at producer_logic.KProducer.producer(KProducer.scala:21)
	at producer_logic.KProducer.produce(KProducer.scala:27)
	at producer_logic.ProduceMessages.$anonfun$produceMessages$2(ProduceMessages.scala:36)
	at scala.util.Try$.apply(Try.scala:209)
	at producer_logic.ProduceMessages.$anonfun$produceMessages$1(ProduceMessages.scala:36)
	at scala.collection.immutable.Range.foreach$mVc$sp(Range.scala:156)
	at producer_logic.ProduceMessages.producer_logic$ProduceMessages$$produceMessages(ProduceMessages.scala:26)
	at producer_logic.ProduceMessages$$anon$5.run(ProduceMessages.scala:19)
	at java.util.TimerThread.mainLoop(Timer.java:555)
	at java.util.TimerThread.run(Timer.java:505)
DEBUG Timer-0 org.apache.kafka.clients.producer.KafkaProducer - [Producer clientId=Homework demo client] Kafka producer started
DEBUG kafka-producer-network-thread | Homework demo client org.apache.kafka.clients.producer.internals.Sender - [Producer clientId=Homework demo client] Starting Kafka producer I/O thread.
DEBUG kafka-producer-network-thread | Homework demo client org.apache.kafka.clients.NetworkClient - [Producer clientId=Homework demo client] Initialize connection to node 89.108.103.154:9092 (id: -1 rack: null) for sending metadata request
DEBUG kafka-producer-network-thread | Homework demo client org.apache.kafka.clients.NetworkClient - [Producer clientId=Homework demo client] Initiating connection to node 89.108.103.154:9092 (id: -1 rack: null) using address /89.108.103.154
DEBUG kafka-producer-network-thread | Homework demo client org.apache.kafka.common.metrics.Metrics - Added sensor with name node--1.bytes-sent
DEBUG kafka-producer-network-thread | Homework demo client org.apache.kafka.common.metrics.Metrics - Added sensor with name node--1.bytes-received
DEBUG kafka-producer-network-thread | Homework demo client org.apache.kafka.common.metrics.Metrics - Added sensor with name node--1.latency
DEBUG kafka-producer-network-thread | Homework demo client org.apache.kafka.common.network.Selector - [Producer clientId=Homework demo client] Created socket with SO_RCVBUF = 32768, SO_SNDBUF = 131072, SO_TIMEOUT = 0 to node -1
DEBUG kafka-producer-network-thread | Homework demo client org.apache.kafka.clients.NetworkClient - [Producer clientId=Homework demo client] Completed connection to node -1. Fetching API versions.
DEBUG kafka-producer-network-thread | Homework demo client org.apache.kafka.clients.NetworkClient - [Producer clientId=Homework demo client] Initiating API versions fetch from node -1.
DEBUG kafka-producer-network-thread | Homework demo client org.apache.kafka.clients.NetworkClient - [Producer clientId=Homework demo client] Recorded API versions for node -1: (Produce(0): 0 to 7 [usable: 7], Fetch(1): 0 to 10 [usable: 10], ListOffsets(2): 0 to 5 [usable: 5], Metadata(3): 0 to 7 [usable: 7], LeaderAndIsr(4): 0 to 2 [usable: 2], StopReplica(5): 0 to 1 [usable: 1], UpdateMetadata(6): 0 to 5 [usable: 5], ControlledShutdown(7): 0 to 2 [usable: 2], OffsetCommit(8): 0 to 6 [usable: 6], OffsetFetch(9): 0 to 5 [usable: 5], FindCoordinator(10): 0 to 2 [usable: 2], JoinGroup(11): 0 to 4 [usable: 4], Heartbeat(12): 0 to 2 [usable: 2], LeaveGroup(13): 0 to 2 [usable: 2], SyncGroup(14): 0 to 2 [usable: 2], DescribeGroups(15): 0 to 2 [usable: 2], ListGroups(16): 0 to 2 [usable: 2], SaslHandshake(17): 0 to 1 [usable: 1], ApiVersions(18): 0 to 2 [usable: 2], CreateTopics(19): 0 to 3 [usable: 3], DeleteTopics(20): 0 to 3 [usable: 3], DeleteRecords(21): 0 to 1 [usable: 1], InitProducerId(22): 0 to 1 [usable: 1], OffsetForLeaderEpoch(23): 0 to 2 [usable: 2], AddPartitionsToTxn(24): 0 to 1 [usable: 1], AddOffsetsToTxn(25): 0 to 1 [usable: 1], EndTxn(26): 0 to 1 [usable: 1], WriteTxnMarkers(27): 0 [usable: 0], TxnOffsetCommit(28): 0 to 2 [usable: 2], DescribeAcls(29): 0 to 1 [usable: 1], CreateAcls(30): 0 to 1 [usable: 1], DeleteAcls(31): 0 to 1 [usable: 1], DescribeConfigs(32): 0 to 2 [usable: 2], AlterConfigs(33): 0 to 1 [usable: 1], AlterReplicaLogDirs(34): 0 to 1 [usable: 1], DescribeLogDirs(35): 0 to 1 [usable: 1], SaslAuthenticate(36): 0 to 1 [usable: 1], CreatePartitions(37): 0 to 1 [usable: 1], CreateDelegationToken(38): 0 to 1 [usable: 1], RenewDelegationToken(39): 0 to 1 [usable: 1], ExpireDelegationToken(40): 0 to 1 [usable: 1], DescribeDelegationToken(41): 0 to 1 [usable: 1], DeleteGroups(42): 0 to 1 [usable: 1], ElectPreferredLeaders(43): 0 [usable: 0], IncrementalAlterConfigs(44): UNSUPPORTED)
DEBUG kafka-producer-network-thread | Homework demo client org.apache.kafka.clients.NetworkClient - [Producer clientId=Homework demo client] Sending metadata request MetadataRequestData(topics=[MetadataRequestTopic(name='data-sensor-topic')], allowAutoTopicCreation=true, includeClusterAuthorizedOperations=false, includeTopicAuthorizedOperations=false) to node 89.108.103.154:9092 (id: -1 rack: null)
DEBUG kafka-producer-network-thread | Homework demo client org.apache.kafka.clients.NetworkClient - [Producer clientId=Homework demo client] Using older server API v7 to send METADATA {topics=[{name=data-sensor-topic}],allow_auto_topic_creation=true} with correlation id 1 to node -1
DEBUG kafka-producer-network-thread | Homework demo client org.apache.kafka.clients.Metadata - [Producer clientId=Homework demo client] Updating last seen epoch from null to 0 for partition data-sensor-topic-0
INFO kafka-producer-network-thread | Homework demo client org.apache.kafka.clients.Metadata - [Producer clientId=Homework demo client] Cluster ID: YZznGoC-QGecjN26ZpMnJw
DEBUG kafka-producer-network-thread | Homework demo client org.apache.kafka.clients.Metadata - [Producer clientId=Homework demo client] Updated cluster metadata updateVersion 2 to MetadataCache{cluster=Cluster(id = YZznGoC-QGecjN26ZpMnJw, nodes = [89-108-103-154.cloudvps.regruhosting.ru:9092 (id: 0 rack: null)], partitions = [Partition(topic = data-sensor-topic, partition = 0, leader = 0, replicas = [0], isr = [0], offlineReplicas = [])], controller = 89-108-103-154.cloudvps.regruhosting.ru:9092 (id: 0 rack: null))}
DEBUG Timer-0 io.confluent.kafka.schemaregistry.client.rest.RestService - Sending POST with input {"schema":"{\"type\":\"record\",\"name\":\"Key\",\"namespace\":\"models\",\"fields\":[{\"name\":\"deviceId\",\"type\":\"int\"}]}"} to http://89.108.103.154:8081/subjects/data-sensor-topic-key/versions
DEBUG Timer-0 io.confluent.kafka.schemaregistry.client.rest.RestService - Sending POST with input {"schema":"{\"type\":\"record\",\"name\":\"DeviceMeasurements\",\"namespace\":\"models\",\"fields\":[{\"name\":\"date\",\"type\":\"int\"},{\"name\":\"time\",\"type\":\"int\"},{\"name\":\"key\",\"type\":\"long\"},{\"name\":\"value\",\"type\":\"float\"},{\"name\":\"valueType\",\"type\":\"string\"}]}"} to http://89.108.103.154:8081/subjects/data-sensor-topic-value/versions
DEBUG kafka-producer-network-thread | Homework demo client org.apache.kafka.clients.NetworkClient - [Producer clientId=Homework demo client] Initiating connection to node 89-108-103-154.cloudvps.regruhosting.ru:9092 (id: 0 rack: null) using address 89-108-103-154.cloudvps.regruhosting.ru/89.108.103.154
DEBUG kafka-producer-network-thread | Homework demo client org.apache.kafka.common.metrics.Metrics - Added sensor with name node-0.bytes-sent
DEBUG kafka-producer-network-thread | Homework demo client org.apache.kafka.common.metrics.Metrics - Added sensor with name node-0.bytes-received
DEBUG kafka-producer-network-thread | Homework demo client org.apache.kafka.common.metrics.Metrics - Added sensor with name node-0.latency
DEBUG kafka-producer-network-thread | Homework demo client org.apache.kafka.common.network.Selector - [Producer clientId=Homework demo client] Created socket with SO_RCVBUF = 32768, SO_SNDBUF = 131072, SO_TIMEOUT = 0 to node 0
DEBUG kafka-producer-network-thread | Homework demo client org.apache.kafka.clients.NetworkClient - [Producer clientId=Homework demo client] Completed connection to node 0. Fetching API versions.
DEBUG kafka-producer-network-thread | Homework demo client org.apache.kafka.clients.NetworkClient - [Producer clientId=Homework demo client] Initiating API versions fetch from node 0.
DEBUG kafka-producer-network-thread | Homework demo client org.apache.kafka.clients.NetworkClient - [Producer clientId=Homework demo client] Recorded API versions for node 0: (Produce(0): 0 to 7 [usable: 7], Fetch(1): 0 to 10 [usable: 10], ListOffsets(2): 0 to 5 [usable: 5], Metadata(3): 0 to 7 [usable: 7], LeaderAndIsr(4): 0 to 2 [usable: 2], StopReplica(5): 0 to 1 [usable: 1], UpdateMetadata(6): 0 to 5 [usable: 5], ControlledShutdown(7): 0 to 2 [usable: 2], OffsetCommit(8): 0 to 6 [usable: 6], OffsetFetch(9): 0 to 5 [usable: 5], FindCoordinator(10): 0 to 2 [usable: 2], JoinGroup(11): 0 to 4 [usable: 4], Heartbeat(12): 0 to 2 [usable: 2], LeaveGroup(13): 0 to 2 [usable: 2], SyncGroup(14): 0 to 2 [usable: 2], DescribeGroups(15): 0 to 2 [usable: 2], ListGroups(16): 0 to 2 [usable: 2], SaslHandshake(17): 0 to 1 [usable: 1], ApiVersions(18): 0 to 2 [usable: 2], CreateTopics(19): 0 to 3 [usable: 3], DeleteTopics(20): 0 to 3 [usable: 3], DeleteRecords(21): 0 to 1 [usable: 1], InitProducerId(22): 0 to 1 [usable: 1], OffsetForLeaderEpoch(23): 0 to 2 [usable: 2], AddPartitionsToTxn(24): 0 to 1 [usable: 1], AddOffsetsToTxn(25): 0 to 1 [usable: 1], EndTxn(26): 0 to 1 [usable: 1], WriteTxnMarkers(27): 0 [usable: 0], TxnOffsetCommit(28): 0 to 2 [usable: 2], DescribeAcls(29): 0 to 1 [usable: 1], CreateAcls(30): 0 to 1 [usable: 1], DeleteAcls(31): 0 to 1 [usable: 1], DescribeConfigs(32): 0 to 2 [usable: 2], AlterConfigs(33): 0 to 1 [usable: 1], AlterReplicaLogDirs(34): 0 to 1 [usable: 1], DescribeLogDirs(35): 0 to 1 [usable: 1], SaslAuthenticate(36): 0 to 1 [usable: 1], CreatePartitions(37): 0 to 1 [usable: 1], CreateDelegationToken(38): 0 to 1 [usable: 1], RenewDelegationToken(39): 0 to 1 [usable: 1], ExpireDelegationToken(40): 0 to 1 [usable: 1], DescribeDelegationToken(41): 0 to 1 [usable: 1], DeleteGroups(42): 0 to 1 [usable: 1], ElectPreferredLeaders(43): 0 [usable: 0], IncrementalAlterConfigs(44): UNSUPPORTED)
DEBUG kafka-producer-network-thread | Homework demo client org.apache.kafka.common.metrics.Metrics - Added sensor with name topic.data-sensor-topic.records-per-batch
DEBUG kafka-producer-network-thread | Homework demo client org.apache.kafka.common.metrics.Metrics - Added sensor with name topic.data-sensor-topic.bytes
DEBUG kafka-producer-network-thread | Homework demo client org.apache.kafka.common.metrics.Metrics - Added sensor with name topic.data-sensor-topic.compression-rate
DEBUG kafka-producer-network-thread | Homework demo client org.apache.kafka.common.metrics.Metrics - Added sensor with name topic.data-sensor-topic.record-retries
DEBUG kafka-producer-network-thread | Homework demo client org.apache.kafka.common.metrics.Metrics - Added sensor with name topic.data-sensor-topic.record-errors
DEBUG Timer-0 io.confluent.kafka.schemaregistry.client.rest.RestService - Sending POST with input {"schema":"{\"type\":\"record\",\"name\":\"Key\",\"namespace\":\"models\",\"fields\":[{\"name\":\"deviceId\",\"type\":\"int\"}]}"} to http://89.108.103.154:8081/subjects/data-sensor-topic-key/versions
DEBUG Timer-0 io.confluent.kafka.schemaregistry.client.rest.RestService - Sending POST with input {"schema":"{\"type\":\"record\",\"name\":\"DeviceMeasurements\",\"namespace\":\"models\",\"fields\":[{\"name\":\"date\",\"type\":\"int\"},{\"name\":\"time\",\"type\":\"int\"},{\"name\":\"key\",\"type\":\"long\"},{\"name\":\"value\",\"type\":\"float\"},{\"name\":\"valueType\",\"type\":\"string\"}]}"} to http://89.108.103.154:8081/subjects/data-sensor-topic-value/versions
DEBUG Timer-0 io.confluent.kafka.schemaregistry.client.rest.RestService - Sending POST with input {"schema":"{\"type\":\"record\",\"name\":\"Key\",\"namespace\":\"models\",\"fields\":[{\"name\":\"deviceId\",\"type\":\"int\"}]}"} to http://89.108.103.154:8081/subjects/data-sensor-topic-key/versions
DEBUG Timer-0 io.confluent.kafka.schemaregistry.client.rest.RestService - Sending POST with input {"schema":"{\"type\":\"record\",\"name\":\"DeviceMeasurements\",\"namespace\":\"models\",\"fields\":[{\"name\":\"date\",\"type\":\"int\"},{\"name\":\"time\",\"type\":\"int\"},{\"name\":\"key\",\"type\":\"long\"},{\"name\":\"value\",\"type\":\"float\"},{\"name\":\"valueType\",\"type\":\"string\"}]}"} to http://89.108.103.154:8081/subjects/data-sensor-topic-value/versions
DEBUG Timer-0 io.confluent.kafka.schemaregistry.client.rest.RestService - Sending POST with input {"schema":"{\"type\":\"record\",\"name\":\"Key\",\"namespace\":\"models\",\"fields\":[{\"name\":\"deviceId\",\"type\":\"int\"}]}"} to http://89.108.103.154:8081/subjects/data-sensor-topic-key/versions
DEBUG Timer-0 io.confluent.kafka.schemaregistry.client.rest.RestService - Sending POST with input {"schema":"{\"type\":\"record\",\"name\":\"DeviceMeasurements\",\"namespace\":\"models\",\"fields\":[{\"name\":\"date\",\"type\":\"int\"},{\"name\":\"time\",\"type\":\"int\"},{\"name\":\"key\",\"type\":\"long\"},{\"name\":\"value\",\"type\":\"float\"},{\"name\":\"valueType\",\"type\":\"string\"}]}"} to http://89.108.103.154:8081/subjects/data-sensor-topic-value/versions
DEBUG Timer-0 io.confluent.kafka.schemaregistry.client.rest.RestService - Sending POST with input {"schema":"{\"type\":\"record\",\"name\":\"Key\",\"namespace\":\"models\",\"fields\":[{\"name\":\"deviceId\",\"type\":\"int\"}]}"} to http://89.108.103.154:8081/subjects/data-sensor-topic-key/versions
DEBUG Timer-0 io.confluent.kafka.schemaregistry.client.rest.RestService - Sending POST with input {"schema":"{\"type\":\"record\",\"name\":\"DeviceMeasurements\",\"namespace\":\"models\",\"fields\":[{\"name\":\"date\",\"type\":\"int\"},{\"name\":\"time\",\"type\":\"int\"},{\"name\":\"key\",\"type\":\"long\"},{\"name\":\"value\",\"type\":\"float\"},{\"name\":\"valueType\",\"type\":\"string\"}]}"} to http://89.108.103.154:8081/subjects/data-sensor-topic-value/versions
DEBUG Timer-0 io.confluent.kafka.schemaregistry.client.rest.RestService - Sending POST with input {"schema":"{\"type\":\"record\",\"name\":\"Key\",\"namespace\":\"models\",\"fields\":[{\"name\":\"deviceId\",\"type\":\"int\"}]}"} to http://89.108.103.154:8081/subjects/data-sensor-topic-key/versions
DEBUG Timer-0 io.confluent.kafka.schemaregistry.client.rest.RestService - Sending POST with input {"schema":"{\"type\":\"record\",\"name\":\"DeviceMeasurements\",\"namespace\":\"models\",\"fields\":[{\"name\":\"date\",\"type\":\"int\"},{\"name\":\"time\",\"type\":\"int\"},{\"name\":\"key\",\"type\":\"long\"},{\"name\":\"value\",\"type\":\"float\"},{\"name\":\"valueType\",\"type\":\"string\"}]}"} to http://89.108.103.154:8081/subjects/data-sensor-topic-value/versions
DEBUG Timer-0 io.confluent.kafka.schemaregistry.client.rest.RestService - Sending POST with input {"schema":"{\"type\":\"record\",\"name\":\"Key\",\"namespace\":\"models\",\"fields\":[{\"name\":\"deviceId\",\"type\":\"int\"}]}"} to http://89.108.103.154:8081/subjects/data-sensor-topic-key/versions
DEBUG Timer-0 io.confluent.kafka.schemaregistry.client.rest.RestService - Sending POST with input {"schema":"{\"type\":\"record\",\"name\":\"DeviceMeasurements\",\"namespace\":\"models\",\"fields\":[{\"name\":\"date\",\"type\":\"int\"},{\"name\":\"time\",\"type\":\"int\"},{\"name\":\"key\",\"type\":\"long\"},{\"name\":\"value\",\"type\":\"float\"},{\"name\":\"valueType\",\"type\":\"string\"}]}"} to http://89.108.103.154:8081/subjects/data-sensor-topic-value/versions
DEBUG Timer-0 io.confluent.kafka.schemaregistry.client.rest.RestService - Sending POST with input {"schema":"{\"type\":\"record\",\"name\":\"Key\",\"namespace\":\"models\",\"fields\":[{\"name\":\"deviceId\",\"type\":\"int\"}]}"} to http://89.108.103.154:8081/subjects/data-sensor-topic-key/versions
DEBUG kafka-coordinator-heartbeat-thread | example-consumer-group org.apache.kafka.clients.consumer.internals.AbstractCoordinator - [Consumer clientId=Homework demo client, groupId=example-consumer-group] Sending Heartbeat request to coordinator 89-108-103-154.cloudvps.regruhosting.ru:9092 (id: 2147483647 rack: null)
DEBUG kafka-coordinator-heartbeat-thread | example-consumer-group org.apache.kafka.clients.NetworkClient - [Consumer clientId=Homework demo client, groupId=example-consumer-group] Using older server API v2 to send HEARTBEAT {group_id=example-consumer-group,generation_id=153,member_id=Homework demo client-08c5f410-e39a-43c9-94a6-8a24a281aaf9} with correlation id 80 to node 2147483647
DEBUG Timer-0 io.confluent.kafka.schemaregistry.client.rest.RestService - Sending POST with input {"schema":"{\"type\":\"record\",\"name\":\"DeviceMeasurements\",\"namespace\":\"models\",\"fields\":[{\"name\":\"date\",\"type\":\"int\"},{\"name\":\"time\",\"type\":\"int\"},{\"name\":\"key\",\"type\":\"long\"},{\"name\":\"value\",\"type\":\"float\"},{\"name\":\"valueType\",\"type\":\"string\"}]}"} to http://89.108.103.154:8081/subjects/data-sensor-topic-value/versions
DEBUG Timer-0 io.confluent.kafka.schemaregistry.client.rest.RestService - Sending POST with input {"schema":"{\"type\":\"record\",\"name\":\"Key\",\"namespace\":\"models\",\"fields\":[{\"name\":\"deviceId\",\"type\":\"int\"}]}"} to http://89.108.103.154:8081/subjects/data-sensor-topic-key/versions
DEBUG Timer-0 io.confluent.kafka.schemaregistry.client.rest.RestService - Sending POST with input {"schema":"{\"type\":\"record\",\"name\":\"DeviceMeasurements\",\"namespace\":\"models\",\"fields\":[{\"name\":\"date\",\"type\":\"int\"},{\"name\":\"time\",\"type\":\"int\"},{\"name\":\"key\",\"type\":\"long\"},{\"name\":\"value\",\"type\":\"float\"},{\"name\":\"valueType\",\"type\":\"string\"}]}"} to http://89.108.103.154:8081/subjects/data-sensor-topic-value/versions
DEBUG kafka-coordinator-heartbeat-thread | example-consumer-group org.apache.kafka.clients.consumer.internals.AbstractCoordinator - [Consumer clientId=Homework demo client, groupId=example-consumer-group] Received successful Heartbeat response
DEBUG Timer-0 io.confluent.kafka.schemaregistry.client.rest.RestService - Sending POST with input {"schema":"{\"type\":\"record\",\"name\":\"Key\",\"namespace\":\"models\",\"fields\":[{\"name\":\"deviceId\",\"type\":\"int\"}]}"} to http://89.108.103.154:8081/subjects/data-sensor-topic-key/versions
DEBUG Timer-0 io.confluent.kafka.schemaregistry.client.rest.RestService - Sending POST with input {"schema":"{\"type\":\"record\",\"name\":\"DeviceMeasurements\",\"namespace\":\"models\",\"fields\":[{\"name\":\"date\",\"type\":\"int\"},{\"name\":\"time\",\"type\":\"int\"},{\"name\":\"key\",\"type\":\"long\"},{\"name\":\"value\",\"type\":\"float\"},{\"name\":\"valueType\",\"type\":\"string\"}]}"} to http://89.108.103.154:8081/subjects/data-sensor-topic-value/versions
DEBUG Timer-0 io.confluent.kafka.schemaregistry.client.rest.RestService - Sending POST with input {"schema":"{\"type\":\"record\",\"name\":\"Key\",\"namespace\":\"models\",\"fields\":[{\"name\":\"deviceId\",\"type\":\"int\"}]}"} to http://89.108.103.154:8081/subjects/data-sensor-topic-key/versions
DEBUG Timer-0 io.confluent.kafka.schemaregistry.client.rest.RestService - Sending POST with input {"schema":"{\"type\":\"record\",\"name\":\"DeviceMeasurements\",\"namespace\":\"models\",\"fields\":[{\"name\":\"date\",\"type\":\"int\"},{\"name\":\"time\",\"type\":\"int\"},{\"name\":\"key\",\"type\":\"long\"},{\"name\":\"value\",\"type\":\"float\"},{\"name\":\"valueType\",\"type\":\"string\"}]}"} to http://89.108.103.154:8081/subjects/data-sensor-topic-value/versions
DEBUG Timer-0 io.confluent.kafka.schemaregistry.client.rest.RestService - Sending POST with input {"schema":"{\"type\":\"record\",\"name\":\"Key\",\"namespace\":\"models\",\"fields\":[{\"name\":\"deviceId\",\"type\":\"int\"}]}"} to http://89.108.103.154:8081/subjects/data-sensor-topic-key/versions
DEBUG Timer-0 io.confluent.kafka.schemaregistry.client.rest.RestService - Sending POST with input {"schema":"{\"type\":\"record\",\"name\":\"DeviceMeasurements\",\"namespace\":\"models\",\"fields\":[{\"name\":\"date\",\"type\":\"int\"},{\"name\":\"time\",\"type\":\"int\"},{\"name\":\"key\",\"type\":\"long\"},{\"name\":\"value\",\"type\":\"float\"},{\"name\":\"valueType\",\"type\":\"string\"}]}"} to http://89.108.103.154:8081/subjects/data-sensor-topic-value/versions
DEBUG Timer-0 io.confluent.kafka.schemaregistry.client.rest.RestService - Sending POST with input {"schema":"{\"type\":\"record\",\"name\":\"Key\",\"namespace\":\"models\",\"fields\":[{\"name\":\"deviceId\",\"type\":\"int\"}]}"} to http://89.108.103.154:8081/subjects/data-sensor-topic-key/versions
DEBUG Timer-0 io.confluent.kafka.schemaregistry.client.rest.RestService - Sending POST with input {"schema":"{\"type\":\"record\",\"name\":\"DeviceMeasurements\",\"namespace\":\"models\",\"fields\":[{\"name\":\"date\",\"type\":\"int\"},{\"name\":\"time\",\"type\":\"int\"},{\"name\":\"key\",\"type\":\"long\"},{\"name\":\"value\",\"type\":\"float\"},{\"name\":\"valueType\",\"type\":\"string\"}]}"} to http://89.108.103.154:8081/subjects/data-sensor-topic-value/versions
DEBUG Timer-0 io.confluent.kafka.schemaregistry.client.rest.RestService - Sending POST with input {"schema":"{\"type\":\"record\",\"name\":\"Key\",\"namespace\":\"models\",\"fields\":[{\"name\":\"deviceId\",\"type\":\"int\"}]}"} to http://89.108.103.154:8081/subjects/data-sensor-topic-key/versions
DEBUG Timer-0 io.confluent.kafka.schemaregistry.client.rest.RestService - Sending POST with input {"schema":"{\"type\":\"record\",\"name\":\"DeviceMeasurements\",\"namespace\":\"models\",\"fields\":[{\"name\":\"date\",\"type\":\"int\"},{\"name\":\"time\",\"type\":\"int\"},{\"name\":\"key\",\"type\":\"long\"},{\"name\":\"value\",\"type\":\"float\"},{\"name\":\"valueType\",\"type\":\"string\"}]}"} to http://89.108.103.154:8081/subjects/data-sensor-topic-value/versions
DEBUG Timer-0 io.confluent.kafka.schemaregistry.client.rest.RestService - Sending POST with input {"schema":"{\"type\":\"record\",\"name\":\"Key\",\"namespace\":\"models\",\"fields\":[{\"name\":\"deviceId\",\"type\":\"int\"}]}"} to http://89.108.103.154:8081/subjects/data-sensor-topic-key/versions
DEBUG Timer-0 io.confluent.kafka.schemaregistry.client.rest.RestService - Sending POST with input {"schema":"{\"type\":\"record\",\"name\":\"DeviceMeasurements\",\"namespace\":\"models\",\"fields\":[{\"name\":\"date\",\"type\":\"int\"},{\"name\":\"time\",\"type\":\"int\"},{\"name\":\"key\",\"type\":\"long\"},{\"name\":\"value\",\"type\":\"float\"},{\"name\":\"valueType\",\"type\":\"string\"}]}"} to http://89.108.103.154:8081/subjects/data-sensor-topic-value/versions
DEBUG Timer-0 io.confluent.kafka.schemaregistry.client.rest.RestService - Sending POST with input {"schema":"{\"type\":\"record\",\"name\":\"Key\",\"namespace\":\"models\",\"fields\":[{\"name\":\"deviceId\",\"type\":\"int\"}]}"} to http://89.108.103.154:8081/subjects/data-sensor-topic-key/versions
DEBUG Timer-0 io.confluent.kafka.schemaregistry.client.rest.RestService - Sending POST with input {"schema":"{\"type\":\"record\",\"name\":\"DeviceMeasurements\",\"namespace\":\"models\",\"fields\":[{\"name\":\"date\",\"type\":\"int\"},{\"name\":\"time\",\"type\":\"int\"},{\"name\":\"key\",\"type\":\"long\"},{\"name\":\"value\",\"type\":\"float\"},{\"name\":\"valueType\",\"type\":\"string\"}]}"} to http://89.108.103.154:8081/subjects/data-sensor-topic-value/versions
